<<< Started new transaction, based on original revision 1
     * adding path : branches ... done.
     * adding path : tags ... done.
     * adding path : trunk ... done.
     * adding path : wiki ... done.

------- Committed revision 1 >>>

<<< Started new transaction, based on original revision 2
     * editing path : trunk ... done.
     * adding path : trunk/SYMBOL ... done.
     * adding path : trunk/SYMBOL/ALGOL.txt ... done.

------- Committed revision 2 >>>

<<< Started new transaction, based on original revision 3
     * editing path : trunk/SYMBOL/ALGOL.txt ... done.

------- Committed revision 3 >>>

<<< Started new transaction, based on original revision 4
     * adding path : trunk/SYMBOL/ALGOL.alg_m ...COPIED... done.

------- Committed revision 4 >>>

<<< Started new transaction, based on original revision 5
     * editing path : trunk/SYMBOL/ALGOL.alg_m ... done.

------- Committed revision 5 >>>

<<< Started new transaction, based on original revision 6
     * adding path : trunk/tools ... done.
     * adding path : trunk/tools/uniquewordcount ... done.

------- Committed revision 6 >>>

<<< Started new transaction, based on original revision 7
     * editing path : trunk/SYMBOL/ALGOL.alg_m ... done.
     * deleting path : trunk/SYMBOL/ALGOL.txt ... done.

------- Committed revision 7 >>>

<<< Started new transaction, based on original revision 8
     * editing path : trunk/SYMBOL/ALGOL.alg_m ... done.
     * adding path : trunk/tools/UTIL.NEATUP.alg_m ... done.

------- Committed revision 8 >>>

<<< Started new transaction, based on original revision 9
     * editing path : trunk/SYMBOL/ALGOL.alg_m ... done.
     * adding path : trunk/tools/xem ... done.
     * adding path : trunk/tools/xem/ALGOLXEM.alg_m ...COPIED... done.

------- Committed revision 9 >>>

<<< Started new transaction, based on original revision 10
     * adding path : trunk/tools/NEATUP55.alg_m ...COPIED... done.
     * editing path : trunk/tools/xem/ALGOLXEM.alg_m ... done.

------- Committed revision 10 >>>

<<< Started new transaction, based on original revision 11
     * editing path : trunk/SYMBOL/ALGOL.alg_m ... done.
     * editing path : trunk/tools/xem/ALGOLXEM.alg_m ... done.

------- Committed revision 11 >>>

<<< Started new transaction, based on original revision 12
     * adding path : wiki/B5500maxconfig.wiki ... done.

------- Committed revision 12 >>>

<<< Started new transaction, based on original revision 13
     * editing path : trunk/SYMBOL/ALGOL.alg_m ... done.
     * editing path : trunk/tools/xem/ALGOLXEM.alg_m ... done.

------- Committed revision 13 >>>

<<< Started new transaction, based on original revision 14
     * editing path : trunk/tools/xem/ALGOLXEM.alg_m ... done.

------- Committed revision 14 >>>

<<< Started new transaction, based on original revision 15
     * editing path : trunk/SYMBOL/ALGOL.alg_m ... done.

------- Committed revision 15 >>>

<<< Started new transaction, based on original revision 16
     * editing path : trunk/SYMBOL/ALGOL.alg_m ... done.

------- Committed revision 16 >>>

<<< Started new transaction, based on original revision 17
     * editing path : trunk/SYMBOL/ALGOL.alg_m ... done.
     * adding path : trunk/tests ... done.
     * adding path : trunk/tests/ALGOLXEM ... done.
     * adding path : trunk/tests/ALGOLXEM/CASESW.alg_m ... done.
     * adding path : trunk/tests/ALGOLXEM/TEST-ONE.alg_m ... done.
     * adding path : trunk/tests/ALGOLXEM/TEST-TWO.alg_m ... done.
     * adding path : trunk/tools/CODEDUMP55.alg_m ... done.
     * editing path : trunk/tools/xem/ALGOLXEM.alg_m ... done.

------- Committed revision 17 >>>

<<< Started new transaction, based on original revision 18
     * adding path : trunk/SYMBOL/DCMCP.esp_m ... done.

------- Committed revision 18 >>>

<<< Started new transaction, based on original revision 19
     * editing path : trunk/SYMBOL/DCMCP.esp_m ... done.

------- Committed revision 19 >>>

<<< Started new transaction, based on original revision 20
     * adding path : trunk/emulator ... done.
     * adding path : trunk/emulator/Pow2.html ... done.
     * adding path : trunk/emulator/Register-CrockfordStyle.js ... done.
     * adding path : trunk/emulator/Register.js ... done.
     * adding path : trunk/emulator/RegisterTest.html ... done.
     * adding path : trunk/emulator/compose.js ... done.

------- Committed revision 20 >>>

<<< Started new transaction, based on original revision 21
     * editing path : trunk/SYMBOL/DCMCP.esp_m ... done.
     * editing path : trunk/emulator ... done.

------- Committed revision 21 >>>

<<< Started new transaction, based on original revision 22
     * editing path : trunk/SYMBOL/DCMCP.esp_m ... done.

------- Committed revision 22 >>>

<<< Started new transaction, based on original revision 23
     * adding path : trunk/tests/ALGOLXEM/CALLBYNAMEPARAM.alg_m ... done.
     * adding path : trunk/tests/ALGOLXEM/MANORBOYTEST.alg_m ... done.
     * adding path : trunk/tests/ALGOLXEM/MULTISWITCH.alg_m ... done.
     * adding path : trunk/tests/ALGOLXEM/ORTHO.alg_m ... done.
     * adding path : trunk/tools/NEATUP.alg_m ...COPIED... done.
     * adding path : trunk/tools/NEATUPINFO.alg_m ... done.
     * editing path : trunk/tools/xem/ALGOLXEM.alg_m ... done.
     * deleting path : trunk/tools/UTIL.NEATUP.alg_m ... done.

------- Committed revision 23 >>>

<<< Started new transaction, based on original revision 24
     * editing path : trunk/SYMBOL/DCMCP.esp_m ... done.

------- Committed revision 24 >>>

<<< Started new transaction, based on original revision 25
     * editing path : trunk/SYMBOL/DCMCP.esp_m ... done.

------- Committed revision 25 >>>

<<< Started new transaction, based on original revision 26
     * editing path : trunk/SYMBOL/DCMCP.esp_m ... done.

------- Committed revision 26 >>>

<<< Started new transaction, based on original revision 27
     * editing path : trunk/SYMBOL/DCMCP.esp_m ... done.

------- Committed revision 27 >>>

<<< Started new transaction, based on original revision 28
     * editing path : trunk/SYMBOL/DCMCP.esp_m ... done.

------- Committed revision 28 >>>

<<< Started new transaction, based on original revision 29
     * editing path : trunk/SYMBOL/DCMCP.esp_m ... done.

------- Committed revision 29 >>>

<<< Started new transaction, based on original revision 30
     * editing path : trunk/SYMBOL/DCMCP.esp_m ... done.

------- Committed revision 30 >>>

<<< Started new transaction, based on original revision 31
     * editing path : trunk/SYMBOL/DCMCP.esp_m ... done.

------- Committed revision 31 >>>

<<< Started new transaction, based on original revision 32
     * editing path : trunk/SYMBOL/DCMCP.esp_m ... done.

------- Committed revision 32 >>>

<<< Started new transaction, based on original revision 33
     * editing path : trunk/SYMBOL/DCMCP.esp_m ... done.

------- Committed revision 33 >>>

<<< Started new transaction, based on original revision 34
     * editing path : trunk/SYMBOL/DCMCP.esp_m ... done.

------- Committed revision 34 >>>

<<< Started new transaction, based on original revision 35
     * editing path : trunk/SYMBOL/DCMCP.esp_m ... done.
     * adding path : trunk/emulator/B5500CentralControl.js ... done.
     * adding path : trunk/emulator/B5500Processor.js ... done.
     * editing path : trunk/emulator/Register.js ... done.

------- Committed revision 35 >>>

<<< Started new transaction, based on original revision 36
     * editing path : trunk/SYMBOL/DCMCP.esp_m ... done.

------- Committed revision 36 >>>

<<< Started new transaction, based on original revision 37
     * editing path : trunk/SYMBOL/DCMCP.esp_m ... done.
     * editing path : trunk/emulator/B5500Processor.js ... done.

------- Committed revision 37 >>>

<<< Started new transaction, based on original revision 38
     * editing path : trunk/SYMBOL/DCMCP.esp_m ... done.

------- Committed revision 38 >>>

<<< Started new transaction, based on original revision 39
     * editing path : trunk/SYMBOL/DCMCP.esp_m ... done.

------- Committed revision 39 >>>

<<< Started new transaction, based on original revision 40
     * editing path : trunk/SYMBOL/DCMCP.esp_m ... done.

------- Committed revision 40 >>>

<<< Started new transaction, based on original revision 41
     * editing path : trunk/emulator/B5500CentralControl.js ... done.
     * editing path : trunk/emulator/B5500Processor.js ... done.

------- Committed revision 41 >>>

<<< Started new transaction, based on original revision 42
     * editing path : trunk/SYMBOL/DCMCP.esp_m ... done.
     * editing path : trunk/emulator/B5500CentralControl.js ... done.
     * editing path : trunk/emulator/B5500Processor.js ... done.

------- Committed revision 42 >>>

<<< Started new transaction, based on original revision 43
     * editing path : trunk/SYMBOL/DCMCP.esp_m ... done.
     * editing path : trunk/emulator/B5500CentralControl.js ... done.
     * editing path : trunk/emulator/B5500Processor.js ... done.

------- Committed revision 43 >>>

<<< Started new transaction, based on original revision 44
     * editing path : trunk/SYMBOL/DCMCP.esp_m ... done.
     * editing path : trunk/emulator/B5500Processor.js ... done.

------- Committed revision 44 >>>

<<< Started new transaction, based on original revision 45
     * editing path : trunk/SYMBOL/DCMCP.esp_m ... done.

------- Committed revision 45 >>>

<<< Started new transaction, based on original revision 46
     * editing path : trunk/emulator/B5500CentralControl.js ... done.
     * adding path : trunk/emulator/PanelTest.html ... done.

------- Committed revision 46 >>>

<<< Started new transaction, based on original revision 47
     * editing path : trunk/SYMBOL/DCMCP.esp_m ... done.
     * editing path : trunk/emulator/PanelTest.html ... done.

------- Committed revision 47 >>>

<<< Started new transaction, based on original revision 48
     * adding path : trunk/emulator/B5500-Logo.jpg ... done.
     * editing path : trunk/emulator/B5500CentralControl.js ... done.
     * adding path : trunk/emulator/B5500Console.html ... done.
     * adding path : trunk/emulator/B5500DistributionAndDisplay.css ... done.
     * editing path : trunk/emulator/B5500Processor.js ... done.
     * adding path : trunk/emulator/Burroughs-Logo-Neg.jpg ... done.
     * adding path : trunk/emulator/Burroughs-Logo.jpg ... done.
     * adding path : trunk/emulator/Burroughs-Logo.png ... done.

------- Committed revision 48 >>>

<<< Started new transaction, based on original revision 49
     * editing path : trunk/SYMBOL/DCMCP.esp_m ... done.
     * editing path : trunk/emulator/B5500CentralControl.js ... done.
     * editing path : trunk/emulator/B5500Console.html ... done.
     * editing path : trunk/emulator/B5500DistributionAndDisplay.css ... done.
     * adding path : trunk/emulator/B5500DistributionAndDisplay.js ... done.
     * editing path : trunk/emulator/B5500Processor.js ... done.

------- Committed revision 49 >>>

<<< Started new transaction, based on original revision 50
     * editing path : trunk/SYMBOL/DCMCP.esp_m ... done.
     * editing path : trunk/emulator/B5500CentralControl.js ... done.
     * editing path : trunk/emulator/B5500DistributionAndDisplay.js ... done.
     * editing path : trunk/emulator/B5500Processor.js ... done.

------- Committed revision 50 >>>

<<< Started new transaction, based on original revision 51
     * editing path : trunk/SYMBOL/DCMCP.esp_m ... done.
     * adding path : trunk/emulator/B5500DDPanel.js ... done.
     * editing path : trunk/emulator/B5500DistributionAndDisplay.css ... done.
     * editing path : trunk/emulator/B5500DistributionAndDisplay.js ... done.
     * adding path : trunk/emulator/B5500ProcessorPanel.html ... done.
     * adding path : trunk/emulator/B5500ProcessorPanel.js ... done.

------- Committed revision 51 >>>

<<< Started new transaction, based on original revision 52
     * editing path : trunk/SYMBOL/DCMCP.esp_m ... done.
     * editing path : trunk/emulator/B5500CentralControl.js ... done.
     * editing path : trunk/emulator/B5500Processor.js ... done.
     * deleting path : trunk/emulator/B5500-Logo.jpg ... done.
     * deleting path : trunk/emulator/B5500Console.html ... done.
     * deleting path : trunk/emulator/B5500DDPanel.js ... done.
     * deleting path : trunk/emulator/B5500DistributionAndDisplay.css ... done.
     * deleting path : trunk/emulator/B5500ProcessorPanel.html ... done.
     * deleting path : trunk/emulator/B5500ProcessorPanel.js ... done.
     * deleting path : trunk/emulator/Burroughs-Logo-Neg.jpg ... done.
     * deleting path : trunk/emulator/Burroughs-Logo.jpg ... done.
     * deleting path : trunk/emulator/Burroughs-Logo.png ... done.
     * deleting path : trunk/emulator/PanelTest.html ... done.
     * adding path : trunk/webUI ... done.
     * adding path : trunk/webUI/B5500-Logo.jpg ...COPIED... done.
     * adding path : trunk/webUI/B5500Console.html ...COPIED... done.
     * adding path : trunk/webUI/B5500DDPanel.js ...COPIED... done.
     * adding path : trunk/webUI/B5500DistributionAndDisplay.css ...COPIED... done.
     * adding path : trunk/webUI/B5500ProcessorPanel.html ...COPIED... done.
     * adding path : trunk/webUI/B5500ProcessorPanel.js ...COPIED... done.
     * adding path : trunk/webUI/Burroughs-Logo-Neg.jpg ...COPIED... done.
     * adding path : trunk/webUI/Burroughs-Logo.jpg ...COPIED... done.
     * adding path : trunk/webUI/Burroughs-Logo.png ...COPIED... done.
     * adding path : trunk/webUI/PanelTest.html ...COPIED... done.

------- Committed revision 52 >>>

<<< Started new transaction, based on original revision 53
     * editing path : trunk/SYMBOL/DCMCP.esp_m ... done.
     * editing path : trunk/emulator/B5500CentralControl.js ... done.
     * editing path : trunk/emulator/B5500Processor.js ... done.
     * editing path : trunk/webUI/B5500Console.html ... done.
     * editing path : trunk/webUI/B5500DDPanel.js ... done.
     * editing path : trunk/webUI/B5500ProcessorPanel.html ... done.
     * editing path : trunk/webUI/B5500ProcessorPanel.js ... done.

------- Committed revision 53 >>>

<<< Started new transaction, based on original revision 54
     * editing path : trunk/SYMBOL/DCMCP.esp_m ... done.
     * editing path : trunk/webUI/B5500DDPanel.js ... done.
     * editing path : trunk/webUI/PanelTest.html ... done.

------- Committed revision 54 >>>

<<< Started new transaction, based on original revision 55
     * editing path : trunk/SYMBOL/DCMCP.esp_m ... done.

------- Committed revision 55 >>>

<<< Started new transaction, based on original revision 56
     * editing path : trunk/SYMBOL/DCMCP.esp_m ... done.

------- Committed revision 56 >>>

<<< Started new transaction, based on original revision 57
     * editing path : trunk/SYMBOL/ALGOL.alg_m ... done.
     * editing path : trunk/tools/xem/ALGOLXEM.alg_m ... done.

------- Committed revision 57 >>>

<<< Started new transaction, based on original revision 58
     * editing path : trunk/SYMBOL/DCMCP.esp_m ... done.
     * editing path : trunk/emulator/B5500CentralControl.js ... done.
     * editing path : trunk/emulator/B5500Processor.js ... done.

------- Committed revision 58 >>>

<<< Started new transaction, based on original revision 59
     * editing path : trunk/SYMBOL/DCMCP.esp_m ... done.

------- Committed revision 59 >>>

<<< Started new transaction, based on original revision 60
     * editing path : trunk/SYMBOL/DCMCP.esp_m ... done.
     * editing path : trunk/emulator/B5500Processor.js ... done.
     * editing path : trunk/webUI/B5500DDPanel.js ... done.
     * editing path : trunk/webUI/B5500ProcessorPanel.html ... done.

------- Committed revision 60 >>>

<<< Started new transaction, based on original revision 61
     * editing path : trunk/emulator/B5500Processor.js ... done.

------- Committed revision 61 >>>

<<< Started new transaction, based on original revision 62
     * editing path : trunk/emulator/B5500CentralControl.js ... done.
     * editing path : trunk/emulator/B5500DistributionAndDisplay.js ... done.
     * editing path : trunk/emulator/B5500Processor.js ... done.
     * adding path : trunk/emulator/B5500SystemConfiguration.js ... done.
     * editing path : trunk/webUI/B5500Console.html ... done.

------- Committed revision 62 >>>

<<< Started new transaction, based on original revision 63
     * editing path : trunk/SYMBOL/DCMCP.esp_m ... done.
     * editing path : trunk/emulator/B5500CentralControl.js ... done.
     * editing path : trunk/emulator/B5500Processor.js ... done.

------- Committed revision 63 >>>

<<< Started new transaction, based on original revision 64
     * editing path : trunk/SYMBOL/DCMCP.esp_m ... done.

------- Committed revision 64 >>>

<<< Started new transaction, based on original revision 65
     * editing path : trunk/SYMBOL/DCMCP.esp_m ... done.
     * editing path : trunk/emulator/B5500Processor.js ... done.

------- Committed revision 65 >>>

<<< Started new transaction, based on original revision 66
     * editing path : trunk/SYMBOL/DCMCP.esp_m ... done.
     * editing path : trunk/emulator/B5500Processor.js ... done.

------- Committed revision 66 >>>

<<< Started new transaction, based on original revision 67
     * adding path : trunk/SYMBOL/ESPOL_XVI_Dec76.crd ... done.

------- Committed revision 67 >>>

<<< Started new transaction, based on original revision 68
     * adding path : trunk/SYMBOL/ESPOL.alg_m ...COPIED... done.
     * deleting path : trunk/SYMBOL/ESPOL_XVI_Dec76.crd ... done.

------- Committed revision 68 >>>

<<< Started new transaction, based on original revision 69
     * editing path : trunk/SYMBOL/DCMCP.esp_m ... done.

------- Committed revision 69 >>>

<<< Started new transaction, based on original revision 70
     * editing path : trunk/SYMBOL/DCMCP.esp_m ... done.

------- Committed revision 70 >>>

<<< Started new transaction, based on original revision 71
     * editing path : trunk/SYMBOL/DCMCP.esp_m ... done.
     * editing path : trunk/emulator/B5500Processor.js ... done.
     * editing path : trunk/webUI/B5500Console.html ... done.

------- Committed revision 71 >>>

<<< Started new transaction, based on original revision 72
     * editing path : trunk/emulator/B5500Processor.js ... done.

------- Committed revision 72 >>>

<<< Started new transaction, based on original revision 73
     * editing path : trunk/SYMBOL/DCMCP.esp_m ... done.
     * editing path : trunk/webUI/B5500Console.html ... done.
     * editing path : trunk/webUI/B5500DistributionAndDisplay.css ... done.

------- Committed revision 73 >>>

<<< Started new transaction, based on original revision 74
     * editing path : trunk/SYMBOL/DCMCP.esp_m ... done.

------- Committed revision 74 >>>

<<< Started new transaction, based on original revision 75
     * editing path : trunk/SYMBOL/DCMCP.esp_m ... done.

------- Committed revision 75 >>>

<<< Started new transaction, based on original revision 76
     * editing path : trunk/SYMBOL/DCMCP.esp_m ... done.
     * editing path : trunk/emulator/B5500Processor.js ... done.

------- Committed revision 76 >>>

<<< Started new transaction, based on original revision 77
     * editing path : trunk/SYMBOL/DCMCP.esp_m ... done.

------- Committed revision 77 >>>

<<< Started new transaction, based on original revision 78
     * editing path : trunk/SYMBOL/DCMCP.esp_m ... done.

------- Committed revision 78 >>>

<<< Started new transaction, based on original revision 79
     * editing path : trunk/tools/CODEDUMP55.alg_m ... done.

------- Committed revision 79 >>>

<<< Started new transaction, based on original revision 80
     * editing path : trunk/SYMBOL/DCMCP.esp_m ... done.
     * editing path : trunk/emulator/B5500CentralControl.js ... done.
     * editing path : trunk/emulator/B5500Processor.js ... done.

------- Committed revision 80 >>>

<<< Started new transaction, based on original revision 81
     * adding path : trunk/webUI/B5500Testbed.html ...COPIED... done.

------- Committed revision 81 >>>

<<< Started new transaction, based on original revision 82
     * editing path : trunk/SYMBOL/DCMCP.esp_m ... done.
     * editing path : trunk/emulator/B5500CentralControl.js ... done.
     * editing path : trunk/emulator/B5500Processor.js ... done.
     * editing path : trunk/webUI/B5500Testbed.html ... done.

------- Committed revision 82 >>>

<<< Started new transaction, based on original revision 83
     * editing path : trunk/SYMBOL/DCMCP.esp_m ... done.

------- Committed revision 83 >>>

<<< Started new transaction, based on original revision 84
     * editing path : trunk/SYMBOL/DCMCP.esp_m ... done.

------- Committed revision 84 >>>

<<< Started new transaction, based on original revision 85
     * editing path : trunk/SYMBOL/DCMCP.esp_m ... done.

------- Committed revision 85 >>>

<<< Started new transaction, based on original revision 86
     * editing path : trunk/SYMBOL/DCMCP.esp_m ... done.

------- Committed revision 86 >>>

<<< Started new transaction, based on original revision 87
     * editing path : trunk/SYMBOL/DCMCP.esp_m ... done.

------- Committed revision 87 >>>

<<< Started new transaction, based on original revision 88
     * editing path : trunk/SYMBOL/DCMCP.esp_m ... done.

------- Committed revision 88 >>>

<<< Started new transaction, based on original revision 89
     * editing path : trunk/SYMBOL/DCMCP.esp_m ... done.

------- Committed revision 89 >>>

<<< Started new transaction, based on original revision 90
     * editing path : trunk/SYMBOL/DCMCP.esp_m ... done.

------- Committed revision 90 >>>

<<< Started new transaction, based on original revision 91
     * editing path : trunk/SYMBOL/DCMCP.esp_m ... done.

------- Committed revision 91 >>>

<<< Started new transaction, based on original revision 92
     * editing path : trunk/SYMBOL/DCMCP.esp_m ... done.

------- Committed revision 92 >>>

<<< Started new transaction, based on original revision 93
     * editing path : trunk/SYMBOL/DCMCP.esp_m ... done.

------- Committed revision 93 >>>

<<< Started new transaction, based on original revision 94
     * editing path : trunk/SYMBOL/DCMCP.esp_m ... done.

------- Committed revision 94 >>>

<<< Started new transaction, based on original revision 95
     * editing path : trunk/SYMBOL/DCMCP.esp_m ... done.

------- Committed revision 95 >>>

<<< Started new transaction, based on original revision 96
     * editing path : trunk/SYMBOL/DCMCP.esp_m ... done.

------- Committed revision 96 >>>

<<< Started new transaction, based on original revision 97
     * editing path : trunk/SYMBOL/DCMCP.esp_m ... done.

------- Committed revision 97 >>>

<<< Started new transaction, based on original revision 98
     * editing path : trunk/SYMBOL/DCMCP.esp_m ... done.

------- Committed revision 98 >>>

<<< Started new transaction, based on original revision 99
     * editing path : trunk/SYMBOL/DCMCP.esp_m ... done.

------- Committed revision 99 >>>

<<< Started new transaction, based on original revision 100
     * editing path : trunk/SYMBOL/DCMCP.esp_m ... done.

------- Committed revision 100 >>>

<<< Started new transaction, based on original revision 101
     * editing path : trunk/SYMBOL/DCMCP.esp_m ... done.

------- Committed revision 101 >>>

<<< Started new transaction, based on original revision 102
     * editing path : trunk/SYMBOL/ALGOL.alg_m ... done.
     * editing path : trunk/SYMBOL/ESPOL.alg_m ... done.
     * adding path : trunk/tools/B5500.POWTEN.alg_m ... done.
     * adding path : trunk/tools/EMODE.POWTEN.dat_m ... done.
     * editing path : trunk/tools/xem/ALGOLXEM.alg_m ... done.

------- Committed revision 102 >>>

<<< Started new transaction, based on original revision 103
     * editing path : trunk/SYMBOL/DCMCP.esp_m ... done.

------- Committed revision 103 >>>

<<< Started new transaction, based on original revision 104
     * adding path : trunk/tools/xem/ESPOLXEM.alg_m ...COPIED... done.

------- Committed revision 104 >>>

<<< Started new transaction, based on original revision 105
     * editing path : trunk/tools/xem/ESPOLXEM.alg_m ... done.

------- Committed revision 105 >>>

<<< Started new transaction, based on original revision 106
     * editing path : trunk/SYMBOL/DCMCP.esp_m ... done.

------- Committed revision 106 >>>

<<< Started new transaction, based on original revision 107
     * editing path : trunk/SYMBOL/ESPOL.alg_m ... done.
     * adding path : trunk/tools/NEATUP-ESPOLXEM.wfl_m ... done.
     * editing path : trunk/tools/xem/ESPOLXEM.alg_m ... done.

------- Committed revision 107 >>>

<<< Started new transaction, based on original revision 108
     * editing path : trunk/SYMBOL/DCMCP.esp_m ... done.

------- Committed revision 108 >>>

<<< Started new transaction, based on original revision 109
     * editing path : trunk/SYMBOL/DCMCP.esp_m ... done.

------- Committed revision 109 >>>

<<< Started new transaction, based on original revision 110
     * editing path : trunk/SYMBOL/DCMCP.esp_m ... done.

------- Committed revision 110 >>>

<<< Started new transaction, based on original revision 111
     * editing path : trunk/SYMBOL/DCMCP.esp_m ... done.

------- Committed revision 111 >>>

<<< Started new transaction, based on original revision 112
     * editing path : trunk/SYMBOL/DCMCP.esp_m ... done.

------- Committed revision 112 >>>

<<< Started new transaction, based on original revision 113
     * editing path : trunk/SYMBOL/DCMCP.esp_m ... done.

------- Committed revision 113 >>>

<<< Started new transaction, based on original revision 114
     * editing path : trunk/SYMBOL/DCMCP.esp_m ... done.

------- Committed revision 114 >>>

<<< Started new transaction, based on original revision 115
     * editing path : trunk/SYMBOL/DCMCP.esp_m ... done.

------- Committed revision 115 >>>

<<< Started new transaction, based on original revision 116
     * editing path : trunk/SYMBOL/ESPOL.alg_m ... done.
     * editing path : trunk/tools/xem/ESPOLXEM.alg_m ... done.

------- Committed revision 116 >>>

<<< Started new transaction, based on original revision 117
     * editing path : trunk/SYMBOL/DCMCP.esp_m ... done.

------- Committed revision 117 >>>

<<< Started new transaction, based on original revision 118
     * editing path : trunk/SYMBOL/DCMCP.esp_m ... done.

------- Committed revision 118 >>>

<<< Started new transaction, based on original revision 119
     * editing path : trunk/SYMBOL/DCMCP.esp_m ... done.

------- Committed revision 119 >>>

<<< Started new transaction, based on original revision 120
     * editing path : trunk/SYMBOL/DCMCP.esp_m ... done.

------- Committed revision 120 >>>

<<< Started new transaction, based on original revision 121
     * editing path : trunk/SYMBOL/ESPOL.alg_m ... done.
     * adding path : trunk/SYMBOL/KERNAL.esp_m ... done.
     * editing path : trunk/tools/xem/ALGOLXEM.alg_m ... done.
     * editing path : trunk/tools/xem/ESPOLXEM.alg_m ... done.

------- Committed revision 121 >>>

<<< Started new transaction, based on original revision 122
     * editing path : trunk/SYMBOL/DCMCP.esp_m ... done.

------- Committed revision 122 >>>

<<< Started new transaction, based on original revision 123
     * adding path : trunk/tests/ALGOLXEM/YUSPARA.alg_m ... done.

------- Committed revision 123 >>>

<<< Started new transaction, based on original revision 124
     * editing path : trunk/tests/ALGOLXEM/YUSPARA.alg_m ... done.

------- Committed revision 124 >>>

<<< Started new transaction, based on original revision 125
     * editing path : trunk/tests/ALGOLXEM/YUSPARA.alg_m ... done.

------- Committed revision 125 >>>

<<< Started new transaction, based on original revision 126
     * adding path : trunk/SYMBOL/COOL.esp_m ... done.

------- Committed revision 126 >>>

<<< Started new transaction, based on original revision 127
     * editing path : trunk/SYMBOL/DCMCP.esp_m ... done.

------- Committed revision 127 >>>

<<< Started new transaction, based on original revision 128
     * editing path : trunk/SYMBOL/DCMCP.esp_m ... done.

------- Committed revision 128 >>>

<<< Started new transaction, based on original revision 129
     * editing path : trunk/SYMBOL/DCMCP.esp_m ... done.

------- Committed revision 129 >>>

<<< Started new transaction, based on original revision 130
     * editing path : trunk/SYMBOL/DCMCP.esp_m ... done.

------- Committed revision 130 >>>

<<< Started new transaction, based on original revision 131
     * adding path : trunk/tests/ALGOLXEM/YUSPAR.alg_m ...COPIED... done.
     * adding path : trunk/tests/E-mode ... done.
     * adding path : trunk/tests/E-mode/ORTHO-XEM.alg_m ... done.
     * adding path : trunk/tests/E-mode/YUSPAR-XEM.alg_m ... done.
     * adding path : trunk/tests/E-mode/YUSPARA-65.alg_m ... done.

------- Committed revision 131 >>>

<<< Started new transaction, based on original revision 132
     * editing path : trunk/SYMBOL/COOL.esp_m ... done.
     * editing path : trunk/SYMBOL/ESPOL.alg_m ... done.
     * editing path : trunk/tools/xem/ESPOLXEM.alg_m ... done.

------- Committed revision 132 >>>

<<< Started new transaction, based on original revision 133
     * editing path : trunk/SYMBOL/DCMCP.esp_m ... done.

------- Committed revision 133 >>>

<<< Started new transaction, based on original revision 134
     * editing path : trunk/SYMBOL/DCMCP.esp_m ... done.

------- Committed revision 134 >>>

<<< Started new transaction, based on original revision 135
     * editing path : trunk/SYMBOL/DCMCP.esp_m ... done.

------- Committed revision 135 >>>

<<< Started new transaction, based on original revision 136
     * editing path : trunk/SYMBOL/DCMCP.esp_m ... done.

------- Committed revision 136 >>>

<<< Started new transaction, based on original revision 137
     * editing path : trunk/SYMBOL/DCMCP.esp_m ... done.

------- Committed revision 137 >>>

<<< Started new transaction, based on original revision 138
     * editing path : trunk/SYMBOL/DCMCP.esp_m ... done.

------- Committed revision 138 >>>

<<< Started new transaction, based on original revision 139
     * editing path : trunk/SYMBOL/DCMCP.esp_m ... done.

------- Committed revision 139 >>>

<<< Started new transaction, based on original revision 140
     * editing path : trunk/SYMBOL/DCMCP.esp_m ... done.

------- Committed revision 140 >>>

<<< Started new transaction, based on original revision 141
     * editing path : trunk/SYMBOL/DCMCP.esp_m ... done.

------- Committed revision 141 >>>

<<< Started new transaction, based on original revision 142
     * editing path : trunk/SYMBOL/DCMCP.esp_m ... done.

------- Committed revision 142 >>>

<<< Started new transaction, based on original revision 143
     * editing path : trunk/SYMBOL/DCMCP.esp_m ... done.

------- Committed revision 143 >>>

<<< Started new transaction, based on original revision 144
     * editing path : trunk/SYMBOL/DCMCP.esp_m ... done.

------- Committed revision 144 >>>

<<< Started new transaction, based on original revision 145
     * editing path : trunk/SYMBOL/DCMCP.esp_m ... done.

------- Committed revision 145 >>>

<<< Started new transaction, based on original revision 146
     * editing path : trunk/SYMBOL/DCMCP.esp_m ... done.

------- Committed revision 146 >>>

<<< Started new transaction, based on original revision 147
     * editing path : trunk/SYMBOL/DCMCP.esp_m ... done.

------- Committed revision 147 >>>

<<< Started new transaction, based on original revision 148
     * editing path : trunk/SYMBOL/DCMCP.esp_m ... done.
     * editing path : trunk/emulator/B5500CentralControl.js ... done.
     * adding path : trunk/webUI/B5500TestLoader.html ...COPIED... done.

------- Committed revision 148 >>>

<<< Started new transaction, based on original revision 149
     * editing path : trunk/emulator/B5500Processor.js ... done.
     * editing path : trunk/webUI/B5500TestLoader.html ... done.

------- Committed revision 149 >>>

<<< Started new transaction, based on original revision 150
     * editing path : trunk/SYMBOL/DCMCP.esp_m ... done.

------- Committed revision 150 >>>

<<< Started new transaction, based on original revision 151
     * editing path : trunk/SYMBOL/DCMCP.esp_m ... done.

------- Committed revision 151 >>>

<<< Started new transaction, based on original revision 152
     * editing path : trunk/SYMBOL/DCMCP.esp_m ... done.

------- Committed revision 152 >>>

<<< Started new transaction, based on original revision 153
     * editing path : trunk/SYMBOL/DCMCP.esp_m ... done.

------- Committed revision 153 >>>

<<< Started new transaction, based on original revision 154
     * editing path : trunk/SYMBOL/DCMCP.esp_m ... done.

------- Committed revision 154 >>>

<<< Started new transaction, based on original revision 155
     * editing path : trunk/SYMBOL/DCMCP.esp_m ... done.

------- Committed revision 155 >>>

<<< Started new transaction, based on original revision 156
     * editing path : trunk/SYMBOL/DCMCP.esp_m ... done.

------- Committed revision 156 >>>

<<< Started new transaction, based on original revision 157
     * editing path : trunk/SYMBOL/DCMCP.esp_m ... done.

------- Committed revision 157 >>>

<<< Started new transaction, based on original revision 158
     * editing path : trunk/SYMBOL/DCMCP.esp_m ... done.

------- Committed revision 158 >>>

<<< Started new transaction, based on original revision 159
     * editing path : trunk/SYMBOL/DCMCP.esp_m ... done.

------- Committed revision 159 >>>

<<< Started new transaction, based on original revision 160
     * editing path : trunk/SYMBOL/ALGOL.alg_m ... done.
     * editing path : trunk/SYMBOL/ESPOL.alg_m ... done.
     * editing path : trunk/tools/xem/ALGOLXEM.alg_m ... done.

------- Committed revision 160 >>>

<<< Started new transaction, based on original revision 161
     * editing path : trunk/SYMBOL/DCMCP.esp_m ... done.

------- Committed revision 161 >>>

<<< Started new transaction, based on original revision 162
     * editing path : trunk/SYMBOL/DCMCP.esp_m ... done.

------- Committed revision 162 >>>

<<< Started new transaction, based on original revision 163
     * editing path : trunk/SYMBOL/DCMCP.esp_m ... done.
     * editing path : trunk/emulator/B5500CentralControl.js ... done.
     * editing path : trunk/emulator/B5500DistributionAndDisplay.js ... done.
     * editing path : trunk/emulator/B5500Processor.js ... done.
     * editing path : trunk/webUI/B5500TestLoader.html ... done.

------- Committed revision 163 >>>

<<< Started new transaction, based on original revision 164
     * editing path : trunk/SYMBOL/DCMCP.esp_m ... done.
     * editing path : trunk/emulator/B5500CentralControl.js ... done.

------- Committed revision 164 >>>

<<< Started new transaction, based on original revision 165
     * editing path : trunk/SYMBOL/DCMCP.esp_m ... done.

------- Committed revision 165 >>>

<<< Started new transaction, based on original revision 166
     * editing path : trunk/SYMBOL/DCMCP.esp_m ... done.

------- Committed revision 166 >>>

<<< Started new transaction, based on original revision 167
     * adding path : trunk/tools/PDF-Listing-Column-Ruler.ppt ... done.

------- Committed revision 167 >>>

<<< Started new transaction, based on original revision 168
     * editing path : trunk/tools/PDF-Listing-Column-Ruler.ppt ... done.

------- Committed revision 168 >>>

<<< Started new transaction, based on original revision 169
     * editing path : trunk/SYMBOL/DCMCP.esp_m ... done.

------- Committed revision 169 >>>

<<< Started new transaction, based on original revision 170
     * editing path : trunk/SYMBOL/DCMCP.esp_m ... done.

------- Committed revision 170 >>>

<<< Started new transaction, based on original revision 171
     * adding path : trunk/SYMBOL/KERNEL.esp_m ...COPIED... done.
     * deleting path : trunk/SYMBOL/KERNAL.esp_m ... done.

------- Committed revision 171 >>>

<<< Started new transaction, based on original revision 172
     * editing path : trunk/SYMBOL/DCMCP.esp_m ... done.
     * editing path : trunk/emulator/B5500CentralControl.js ... done.
     * editing path : trunk/emulator/B5500Processor.js ... done.
     * editing path : trunk/webUI/B5500TestLoader.html ... done.

------- Committed revision 172 >>>

<<< Started new transaction, based on original revision 173
     * editing path : trunk/SYMBOL/DCMCP.esp_m ... done.

------- Committed revision 173 >>>

<<< Started new transaction, based on original revision 174
     * editing path : trunk/SYMBOL/DCMCP.esp_m ... done.

------- Committed revision 174 >>>

<<< Started new transaction, based on original revision 175
     * editing path : trunk/SYMBOL/DCMCP.esp_m ... done.

------- Committed revision 175 >>>

<<< Started new transaction, based on original revision 176
     * editing path : trunk/SYMBOL/DCMCP.esp_m ... done.

------- Committed revision 176 >>>

<<< Started new transaction, based on original revision 177
     * editing path : trunk/tools/xem/ALGOLXEM.alg_m ... done.
     * editing path : trunk/tools/xem/ESPOLXEM.alg_m ... done.

------- Committed revision 177 >>>

<<< Started new transaction, based on original revision 178
     * editing path : trunk/SYMBOL/DCMCP.esp_m ... done.

------- Committed revision 178 >>>

<<< Started new transaction, based on original revision 179
     * editing path : trunk/SYMBOL/DCMCP.esp_m ... done.

------- Committed revision 179 >>>

<<< Started new transaction, based on original revision 180
     * editing path : trunk/SYMBOL/ALGOL.alg_m ... done.
     * editing path : trunk/tools/xem/ALGOLXEM.alg_m ... done.

------- Committed revision 180 >>>

<<< Started new transaction, based on original revision 181
     * editing path : trunk/SYMBOL/DCMCP.esp_m ... done.

------- Committed revision 181 >>>

<<< Started new transaction, based on original revision 182
     * editing path : trunk/SYMBOL/DCMCP.esp_m ... done.
     * editing path : trunk/emulator/B5500Processor.js ... done.
     * adding path : trunk/tools/B5500LibMaintDecoder.html ... done.

------- Committed revision 182 >>>

<<< Started new transaction, based on original revision 183
     * editing path : trunk/SYMBOL/DCMCP.esp_m ... done.
     * editing path : trunk/tools/B5500LibMaintDecoder.html ... done.
     * adding path : trunk/tools/B5500LibMaintExtract.html ...COPIED... done.

------- Committed revision 183 >>>

<<< Started new transaction, based on original revision 184
     * editing path : trunk/SYMBOL/DCMCP.esp_m ... done.

------- Committed revision 184 >>>

<<< Started new transaction, based on original revision 185
     * adding path : trunk/tools/webkitFileSystemTest.html ... done.

------- Committed revision 185 >>>

<<< Started new transaction, based on original revision 186
     * editing path : trunk/SYMBOL/DCMCP.esp_m ... done.
     * editing path : trunk/tools/B5500LibMaintExtract.html ... done.

------- Committed revision 186 >>>

<<< Started new transaction, based on original revision 187
     * editing path : trunk/SYMBOL/DCMCP.esp_m ... done.

------- Committed revision 187 >>>

<<< Started new transaction, based on original revision 188
     * editing path : trunk/tools/B5500LibMaintExtract.html ... done.

------- Committed revision 188 >>>

<<< Started new transaction, based on original revision 189
     * editing path : trunk/emulator/Pow2.html ... done.
     * editing path : trunk/tools/B5500LibMaintExtract.html ... done.

------- Committed revision 189 >>>

<<< Started new transaction, based on original revision 190
     * editing path : trunk/tools/B5500LibMaintExtract.html ... done.

------- Committed revision 190 >>>

<<< Started new transaction, based on original revision 191
     * editing path : trunk/SYMBOL/DCMCP.esp_m ... done.
     * editing path : trunk/emulator/B5500CentralControl.js ... done.

------- Committed revision 191 >>>

<<< Started new transaction, based on original revision 192
     * editing path : trunk/SYMBOL/DCMCP.esp_m ... done.

------- Committed revision 192 >>>

<<< Started new transaction, based on original revision 193
     * editing path : trunk/SYMBOL/DCMCP.esp_m ... done.

------- Committed revision 193 >>>

<<< Started new transaction, based on original revision 194
     * editing path : trunk/SYMBOL/DCMCP.esp_m ... done.

------- Committed revision 194 >>>

<<< Started new transaction, based on original revision 195
     * editing path : trunk/SYMBOL/ALGOL.alg_m ... done.

------- Committed revision 195 >>>

<<< Started new transaction, based on original revision 196
     * editing path : trunk/SYMBOL/DCMCP.esp_m ... done.

------- Committed revision 196 >>>

<<< Started new transaction, based on original revision 197
     * editing path : trunk/emulator/B5500CentralControl.js ... done.
     * editing path : trunk/emulator/B5500Processor.js ... done.

------- Committed revision 197 >>>

<<< Started new transaction, based on original revision 198
     * editing path : trunk/emulator/B5500Processor.js ... done.

------- Committed revision 198 >>>

<<< Started new transaction, based on original revision 199
     * editing path : trunk/SYMBOL/DCMCP.esp_m ... done.
     * editing path : trunk/emulator ... done.
     * editing path : trunk/tools ... done.
     * editing path : trunk/webUI ... done.

------- Committed revision 199 >>>

<<< Started new transaction, based on original revision 200
     * editing path : trunk/SYMBOL/DCMCP.esp_m ... done.

------- Committed revision 200 >>>

<<< Started new transaction, based on original revision 201
     * editing path : trunk/SYMBOL/DCMCP.esp_m ... done.

------- Committed revision 201 >>>

<<< Started new transaction, based on original revision 202
     * adding path : trunk/tools/B5500LibmaintExtract-1.html ... done.

------- Committed revision 202 >>>

<<< Started new transaction, based on original revision 203
     * editing path : trunk/SYMBOL/DCMCP.esp_m ... done.

------- Committed revision 203 >>>

<<< Started new transaction, based on original revision 204
     * editing path : trunk/SYMBOL/DCMCP.esp_m ... done.
     * adding path : trunk/tools/B5500LibMaintMapper.html ... done.

------- Committed revision 204 >>>

<<< Started new transaction, based on original revision 205
     * editing path : trunk/emulator/B5500CentralControl.js ... done.
     * editing path : trunk/emulator/B5500Processor.js ... done.
     * editing path : trunk/webUI/B5500Console.html ... done.
     * editing path : trunk/webUI/B5500ProcessorPanel.html ... done.
     * editing path : trunk/webUI/B5500TestLoader.html ... done.
     * editing path : trunk/webUI/B5500Testbed.html ... done.
     * editing path : trunk/webUI/PanelTest.html ... done.

------- Committed revision 205 >>>

<<< Started new transaction, based on original revision 206
     * editing path : trunk/emulator/B5500Processor.js ... done.

------- Committed revision 206 >>>

<<< Started new transaction, based on original revision 207
     * editing path : trunk/emulator/B5500Processor.js ... done.

------- Committed revision 207 >>>

<<< Started new transaction, based on original revision 208
     * editing path : trunk/emulator/B5500Processor.js ... done.
     * editing path : trunk/webUI/B5500DistributionAndDisplay.css ... done.
     * adding path : trunk/webUI/B5500TestArithmetics.html ... done.

------- Committed revision 208 >>>

<<< Started new transaction, based on original revision 209
     * editing path : trunk/SYMBOL/DCMCP.esp_m ... done.
     * editing path : trunk/emulator/B5500Processor.js ... done.

------- Committed revision 209 >>>

<<< Started new transaction, based on original revision 210
     * editing path : trunk/SYMBOL/DCMCP.esp_m ... done.

------- Committed revision 210 >>>

<<< Started new transaction, based on original revision 211
     * editing path : trunk/SYMBOL/DCMCP.esp_m ... done.

------- Committed revision 211 >>>

<<< Started new transaction, based on original revision 212
     * editing path : trunk/emulator/B5500Processor.js ... done.
     * editing path : trunk/webUI/B5500TestArithmetics.html ... done.

------- Committed revision 212 >>>

<<< Started new transaction, based on original revision 213
     * editing path : trunk/emulator/B5500Processor.js ... done.
     * editing path : trunk/webUI/B5500TestArithmetics.html ... done.

------- Committed revision 213 >>>

<<< Started new transaction, based on original revision 214
     * editing path : trunk/SYMBOL/DCMCP.esp_m ... done.

------- Committed revision 214 >>>

<<< Started new transaction, based on original revision 215
     * editing path : trunk/SYMBOL/DCMCP.esp_m ... done.
     * editing path : trunk/webUI/B5500Console.html ... done.
     * editing path : trunk/webUI/B5500ProcessorPanel.html ... done.

------- Committed revision 215 >>>

<<< Started new transaction, based on original revision 216
     * editing path : trunk/SYMBOL/DCMCP.esp_m ... done.

------- Committed revision 216 >>>

<<< Started new transaction, based on original revision 217
     * editing path : trunk/SYMBOL/DCMCP.esp_m ... done.
     * editing path : trunk/emulator/B5500Processor.js ... done.

------- Committed revision 217 >>>

<<< Started new transaction, based on original revision 218
     * editing path : trunk/SYMBOL/DCMCP.esp_m ... done.
     * editing path : trunk/emulator/B5500Processor.js ... done.

------- Committed revision 218 >>>

<<< Started new transaction, based on original revision 219
     * editing path : trunk/emulator/B5500Processor.js ... done.
     * adding path : trunk/webUI/B5500SyllableDebugger.css ...COPIED... done.
     * adding path : trunk/webUI/B5500SyllableDebugger.html ...COPIED... done.

------- Committed revision 219 >>>

<<< Started new transaction, based on original revision 220
     * editing path : trunk/SYMBOL/DCMCP.esp_m ... done.

------- Committed revision 220 >>>

<<< Started new transaction, based on original revision 221
     * editing path : trunk/SYMBOL/DCMCP.esp_m ... done.

------- Committed revision 221 >>>

<<< Started new transaction, based on original revision 222
     * editing path : trunk/SYMBOL/DCMCP.esp_m ... done.

------- Committed revision 222 >>>

<<< Started new transaction, based on original revision 223
     * editing path : trunk/SYMBOL/DCMCP.esp_m ... done.

------- Committed revision 223 >>>

<<< Started new transaction, based on original revision 224
     * editing path : trunk/SYMBOL/DCMCP.esp_m ... done.

------- Committed revision 224 >>>

<<< Started new transaction, based on original revision 225
     * editing path : trunk/SYMBOL/DCMCP.esp_m ... done.

------- Committed revision 225 >>>

<<< Started new transaction, based on original revision 226
     * editing path : trunk/SYMBOL/DCMCP.esp_m ... done.
     * editing path : trunk/emulator/B5500Processor.js ... done.

------- Committed revision 226 >>>

<<< Started new transaction, based on original revision 227
     * editing path : trunk/SYMBOL/DCMCP.esp_m ... done.

------- Committed revision 227 >>>

<<< Started new transaction, based on original revision 228
     * editing path : trunk/emulator/B5500CentralControl.js ... done.
     * adding path : trunk/emulator/B5500IOUnit.js ... done.
     * editing path : trunk/emulator/B5500Processor.js ... done.
     * deleting path : trunk/emulator/Pow2.html ... done.
     * deleting path : trunk/emulator/Register-CrockfordStyle.js ... done.
     * deleting path : trunk/emulator/Register.js ... done.
     * deleting path : trunk/emulator/RegisterTest.html ... done.
     * deleting path : trunk/emulator/compose.js ... done.
     * adding path : trunk/tools/BIC-ANSI-xlateTest.html ... done.
     * adding path : trunk/tools/Pow2.html ...COPIED... done.
     * adding path : trunk/tools/Register-CrockfordStyle.js ...COPIED... done.
     * adding path : trunk/tools/Register.js ...COPIED... done.
     * adding path : trunk/tools/RegisterTest.html ...COPIED... done.
     * adding path : trunk/tools/compose.js ...COPIED... done.
     * editing path : trunk/webUI/B5500SyllableDebugger.html ... done.
     * editing path : trunk/webUI/B5500TestArithmetics.html ... done.
     * editing path : trunk/webUI/B5500TestLoader.html ... done.
     * editing path : trunk/webUI/B5500Testbed.html ... done.

------- Committed revision 228 >>>

<<< Started new transaction, based on original revision 229
     * editing path : trunk/emulator/B5500CentralControl.js ... done.
     * editing path : trunk/emulator/B5500IOUnit.js ... done.
     * editing path : trunk/emulator/B5500Processor.js ... done.

------- Committed revision 229 >>>

<<< Started new transaction, based on original revision 230
     * editing path : trunk/SYMBOL/DCMCP.esp_m ... done.

------- Committed revision 230 >>>

<<< Started new transaction, based on original revision 231
     * editing path : trunk/SYMBOL/DCMCP.esp_m ... done.

------- Committed revision 231 >>>

<<< Started new transaction, based on original revision 232
     * editing path : trunk/SYMBOL/DCMCP.esp_m ... done.
     * editing path : trunk/emulator/B5500IOUnit.js ... done.

------- Committed revision 232 >>>

<<< Started new transaction, based on original revision 233
     * editing path : trunk/SYMBOL/DCMCP.esp_m ... done.
     * editing path : trunk/emulator/B5500IOUnit.js ... done.
     * editing path : trunk/tools/BIC-ANSI-xlateTest.html ... done.

------- Committed revision 233 >>>

<<< Started new transaction, based on original revision 234
     * editing path : trunk/SYMBOL/DCMCP.esp_m ... done.

------- Committed revision 234 >>>

<<< Started new transaction, based on original revision 235
     * editing path : trunk/SYMBOL/ALGOL.alg_m ... done.

------- Committed revision 235 >>>

<<< Started new transaction, based on original revision 236
     * adding path : trunk/webUI/B5500Console.css ...COPIED... done.
     * editing path : trunk/webUI/B5500Console.html ... done.
     * adding path : trunk/webUI/B5500ConsoleDemo.html ...COPIED... done.
     * editing path : trunk/webUI/PanelTest.html ... done.
     * adding path : trunk/webUI/TeletypeLogo.gif ... done.

------- Committed revision 236 >>>

<<< Started new transaction, based on original revision 237
     * editing path : trunk/webUI/B5500Console.css ... done.
     * editing path : trunk/webUI/B5500Console.html ... done.
     * adding path : trunk/webUI/B5500SPOUnit.css ...COPIED... done.
     * adding path : trunk/webUI/B5500SPOUnit.html ...COPIED... done.
     * adding path : trunk/webUI/prototypes ... done.
     * adding path : trunk/webUI/prototypes/B5500-Logo.jpg ...COPIED... done.
     * adding path : trunk/webUI/prototypes/B5500ConsoleDemo.html ...COPIED... done.
     * adding path : trunk/webUI/prototypes/B5500DDPanel.js ...COPIED... done.
     * adding path : trunk/webUI/prototypes/B5500DistributionAndDisplay.css ...COPIED... done.
     * adding path : trunk/webUI/prototypes/B5500ProcessorPanel.html ...COPIED... done.
     * adding path : trunk/webUI/prototypes/B5500ProcessorPanel.js ...COPIED... done.
     * adding path : trunk/webUI/prototypes/PanelTest.html ...COPIED... done.
     * adding path : trunk/webUI/tools ... done.
     * adding path : trunk/webUI/tools/B5500SyllableDebugger.css ...COPIED... done.
     * adding path : trunk/webUI/tools/B5500SyllableDebugger.html ...COPIED... done.
     * adding path : trunk/webUI/tools/B5500TestArithmetics.html ...COPIED... done.
     * adding path : trunk/webUI/tools/B5500TestLoader.html ...COPIED... done.
     * adding path : trunk/webUI/tools/B5500Testbed.html ...COPIED... done.
     * deleting path : trunk/webUI/B5500-Logo.jpg ... done.
     * deleting path : trunk/webUI/B5500ConsoleDemo.html ... done.
     * deleting path : trunk/webUI/B5500DDPanel.js ... done.
     * deleting path : trunk/webUI/B5500DistributionAndDisplay.css ... done.
     * deleting path : trunk/webUI/B5500ProcessorPanel.html ... done.
     * deleting path : trunk/webUI/B5500ProcessorPanel.js ... done.
     * deleting path : trunk/webUI/B5500SyllableDebugger.css ... done.
     * deleting path : trunk/webUI/B5500SyllableDebugger.html ... done.
     * deleting path : trunk/webUI/B5500TestArithmetics.html ... done.
     * deleting path : trunk/webUI/B5500TestLoader.html ... done.
     * deleting path : trunk/webUI/B5500Testbed.html ... done.
     * deleting path : trunk/webUI/Burroughs-Logo.png ... done.
     * deleting path : trunk/webUI/PanelTest.html ... done.

------- Committed revision 237 >>>

<<< Started new transaction, based on original revision 238
     * editing path : trunk/webUI/B5500Console.css ... done.
     * editing path : trunk/webUI/B5500SPOUnit.css ... done.
     * editing path : trunk/webUI/B5500SPOUnit.html ... done.

------- Committed revision 238 >>>

<<< Started new transaction, based on original revision 239
     * editing path : trunk/webUI/B5500SPOUnit.css ... done.
     * editing path : trunk/webUI/B5500SPOUnit.html ... done.

------- Committed revision 239 >>>

<<< Started new transaction, based on original revision 240
     * editing path : trunk/SYMBOL/DCMCP.esp_m ... done.

------- Committed revision 240 >>>

<<< Started new transaction, based on original revision 241
     * editing path : trunk/SYMBOL/DCMCP.esp_m ... done.
     * editing path : trunk/webUI/B5500SPOUnit.html ... done.

------- Committed revision 241 >>>

<<< Started new transaction, based on original revision 242
     * editing path : trunk/SYMBOL/DCMCP.esp_m ... done.
     * editing path : trunk/webUI/B5500SPOUnit.css ... done.
     * editing path : trunk/webUI/B5500SPOUnit.html ... done.

------- Committed revision 242 >>>

<<< Started new transaction, based on original revision 243
     * editing path : trunk/SYMBOL/DCMCP.esp_m ... done.
     * editing path : trunk/webUI/B5500SPOUnit.css ... done.
     * editing path : trunk/webUI/B5500SPOUnit.html ... done.

------- Committed revision 243 >>>

<<< Started new transaction, based on original revision 244
     * editing path : trunk/tools/xem/ALGOLXEM.alg_m ... done.

------- Committed revision 244 >>>

<<< Started new transaction, based on original revision 245
     * editing path : trunk/webUI/B5500SPOUnit.html ... done.

------- Committed revision 245 >>>

<<< Started new transaction, based on original revision 246
     * editing path : trunk/SYMBOL/DCMCP.esp_m ... done.
     * editing path : trunk/emulator/B5500CentralControl.js ... done.
     * editing path : trunk/emulator/B5500IOUnit.js ... done.
     * editing path : trunk/emulator/B5500SystemConfiguration.js ... done.
     * adding path : trunk/webUI/B5500DummyUnit.js ...COPIED... done.

------- Committed revision 246 >>>

<<< Started new transaction, based on original revision 247
     * editing path : trunk/emulator/B5500CentralControl.js ... done.
     * editing path : trunk/emulator/B5500IOUnit.js ... done.
     * editing path : trunk/emulator/B5500SystemConfiguration.js ... done.
     * editing path : trunk/webUI/B5500Console.html ... done.
     * editing path : trunk/webUI/B5500DummyUnit.js ... done.
     * editing path : trunk/webUI/B5500SPOUnit.html ... done.
     * adding path : trunk/webUI/B5500SPOUnit.js ...COPIED... done.
     * adding path : trunk/webUI/prototypes/B5500SPOPrototype.css ...COPIED... done.
     * adding path : trunk/webUI/prototypes/B5500SPOPrototype.html ...COPIED... done.

------- Committed revision 247 >>>

<<< Started new transaction, based on original revision 248
     * editing path : trunk/SYMBOL/DCMCP.esp_m ... done.
     * editing path : trunk/emulator/B5500CentralControl.js ... done.
     * editing path : trunk/emulator/B5500IOUnit.js ... done.
     * editing path : trunk/webUI/B5500SPOUnit.js ... done.
     * editing path : trunk/webUI/tools/B5500SyllableDebugger.html ... done.
     * editing path : trunk/webUI/tools/B5500TestArithmetics.html ... done.
     * editing path : trunk/webUI/tools/B5500TestLoader.html ... done.
     * editing path : trunk/webUI/tools/B5500Testbed.html ... done.

------- Committed revision 248 >>>

<<< Started new transaction, based on original revision 249
     * editing path : trunk/SYMBOL/DCMCP.esp_m ... done.
     * editing path : trunk/webUI/B5500SPOUnit.js ... done.

------- Committed revision 249 >>>

<<< Started new transaction, based on original revision 250
     * editing path : trunk/SYMBOL/DCMCP.esp_m ... done.

------- Committed revision 250 >>>

<<< Started new transaction, based on original revision 251
     * editing path : trunk/SYMBOL/DCMCP.esp_m ... done.
     * editing path : trunk/emulator/B5500CentralControl.js ... done.
     * editing path : trunk/emulator/B5500IOUnit.js ... done.
     * editing path : trunk/emulator/B5500Processor.js ... done.
     * editing path : trunk/webUI/B5500SPOUnit.js ... done.
     * editing path : trunk/webUI/tools/B5500SyllableDebugger.html ... done.

------- Committed revision 251 >>>

<<< Started new transaction, based on original revision 252
     * adding path : trunk/tools/B5500ColdLoader.html ...COPIED... done.

------- Committed revision 252 >>>

<<< Started new transaction, based on original revision 253
     * editing path : trunk/SYMBOL/DCMCP.esp_m ... done.
     * editing path : trunk/tools/B5500ColdLoader.html ... done.
     * editing path : trunk/webUI/prototypes/B5500SPOPrototype.html ... done.

------- Committed revision 253 >>>

<<< Started new transaction, based on original revision 254
     * editing path : trunk/SYMBOL/DCMCP.esp_m ... done.
     * editing path : trunk/tools/B5500ColdLoader.html ... done.

------- Committed revision 254 >>>

<<< Started new transaction, based on original revision 255
     * editing path : trunk/SYMBOL/DCMCP.esp_m ... done.

------- Committed revision 255 >>>

<<< Started new transaction, based on original revision 256
     * editing path : trunk/SYMBOL/DCMCP.esp_m ... done.

------- Committed revision 256 >>>

<<< Started new transaction, based on original revision 257
     * editing path : trunk/tools/B5500ColdLoader.html ... done.
     * editing path : trunk/tools/B5500LibMaintExtract.html ... done.

------- Committed revision 257 >>>

<<< Started new transaction, based on original revision 258
     * editing path : trunk/tools/B5500ColdLoader.html ... done.
     * editing path : trunk/tools/B5500LibMaintExtract.html ... done.
     * editing path : trunk/tools/B5500LibMaintMapper.html ... done.
     * editing path : trunk/webUI/prototypes/B5500SPOPrototype.html ... done.

------- Committed revision 258 >>>

<<< Started new transaction, based on original revision 259
     * editing path : trunk/SYMBOL/DCMCP.esp_m ... done.
     * editing path : trunk/tools/B5500ColdLoader.html ... done.

------- Committed revision 259 >>>

<<< Started new transaction, based on original revision 260
     * editing path : trunk/SYMBOL/DCMCP.esp_m ... done.

------- Committed revision 260 >>>

<<< Started new transaction, based on original revision 261
     * editing path : trunk/SYMBOL/DCMCP.esp_m ... done.

------- Committed revision 261 >>>

<<< Started new transaction, based on original revision 262
     * editing path : trunk/SYMBOL/DCMCP.esp_m ... done.

------- Committed revision 262 >>>

<<< Started new transaction, based on original revision 263
     * editing path : trunk/tools/B5500ColdLoader.html ... done.

------- Committed revision 263 >>>

<<< Started new transaction, based on original revision 264
     * editing path : trunk/emulator/B5500CentralControl.js ... done.
     * editing path : trunk/emulator/B5500Processor.js ... done.
     * editing path : trunk/webUI/tools/B5500SyllableDebugger.html ... done.

------- Committed revision 264 >>>

<<< Started new transaction, based on original revision 265
     * editing path : trunk/SYMBOL/DCMCP.esp_m ... done.

------- Committed revision 265 >>>

<<< Started new transaction, based on original revision 266
     * editing path : trunk/SYMBOL/DCMCP.esp_m ... done.

------- Committed revision 266 >>>

<<< Started new transaction, based on original revision 267
     * editing path : trunk/SYMBOL/DCMCP.esp_m ... done.

------- Committed revision 267 >>>

<<< Started new transaction, based on original revision 268
     * editing path : trunk/SYMBOL/DCMCP.esp_m ... done.

------- Committed revision 268 >>>

<<< Started new transaction, based on original revision 269
     * editing path : trunk/SYMBOL/DCMCP.esp_m ... done.

------- Committed revision 269 >>>

<<< Started new transaction, based on original revision 270
     * editing path : trunk/emulator/B5500CentralControl.js ... done.
     * editing path : trunk/emulator/B5500IOUnit.js ... done.
     * editing path : trunk/emulator/B5500SystemConfiguration.js ... done.
     * editing path : trunk/tools/B5500ColdLoader.html ... done.
     * editing path : trunk/webUI/B5500Console.html ... done.
     * adding path : trunk/webUI/B5500DiskUnit.js ...COPIED... done.
     * editing path : trunk/webUI/B5500DummyUnit.js ... done.
     * editing path : trunk/webUI/B5500SPOUnit.js ... done.
     * editing path : trunk/webUI/tools/B5500SyllableDebugger.html ... done.
     * editing path : trunk/webUI/tools/B5500TestArithmetics.html ... done.
     * editing path : trunk/webUI/tools/B5500TestLoader.html ... done.

------- Committed revision 270 >>>

<<< Started new transaction, based on original revision 271
     * editing path : trunk/SYMBOL/DCMCP.esp_m ... done.
     * editing path : trunk/emulator/B5500CentralControl.js ... done.
     * editing path : trunk/emulator/B5500Processor.js ... done.

------- Committed revision 271 >>>

<<< Started new transaction, based on original revision 272
     * editing path : trunk/SYMBOL/DCMCP.esp_m ... done.

------- Committed revision 272 >>>

<<< Started new transaction, based on original revision 273
     * editing path : trunk/SYMBOL/DCMCP.esp_m ... done.

------- Committed revision 273 >>>

<<< Started new transaction, based on original revision 274
     * editing path : trunk/SYMBOL/DCMCP.esp_m ... done.
     * editing path : trunk/emulator/B5500Processor.js ... done.
     * editing path : trunk/webUI/tools/B5500SyllableDebugger.html ... done.

------- Committed revision 274 >>>

<<< Started new transaction, based on original revision 275
     * editing path : trunk/SYMBOL/DCMCP.esp_m ... done.

------- Committed revision 275 >>>

<<< Started new transaction, based on original revision 276
     * editing path : trunk/emulator/B5500CentralControl.js ... done.
     * editing path : trunk/emulator/B5500Processor.js ... done.
     * editing path : trunk/webUI/tools/B5500SyllableDebugger.html ... done.
     * editing path : trunk/webUI/tools/B5500TestLoader.html ... done.
     * adding path : trunk/webUI/tools/tests ... done.
     * adding path : trunk/webUI/tools/tests/CHARMODE ... done.

------- Committed revision 276 >>>

<<< Started new transaction, based on original revision 277
     * editing path : trunk/emulator/B5500Processor.js ... done.
     * editing path : trunk/webUI/tools/tests/CHARMODE ... done.
     * adding path : trunk/webUI/tools/tests/CHARMODE.esp_m ... done.

------- Committed revision 277 >>>

<<< Started new transaction, based on original revision 278
     * editing path : trunk/SYMBOL/ESPOL.alg_m ... done.
     * editing path : trunk/SYMBOL/KERNEL.esp_m ... done.
     * editing path : trunk/tools/xem/ESPOLXEM.alg_m ... done.

------- Committed revision 278 >>>

<<< Started new transaction, based on original revision 279
     * editing path : trunk/SYMBOL/DCMCP.esp_m ... done.

------- Committed revision 279 >>>

<<< Started new transaction, based on original revision 280
     * editing path : trunk/SYMBOL/DCMCP.esp_m ... done.

------- Committed revision 280 >>>

<<< Started new transaction, based on original revision 281
     * editing path : trunk/SYMBOL/DCMCP.esp_m ... done.

------- Committed revision 281 >>>

<<< Started new transaction, based on original revision 282
     * editing path : trunk/SYMBOL/DCMCP.esp_m ... done.

------- Committed revision 282 >>>

<<< Started new transaction, based on original revision 283
     * editing path : trunk/SYMBOL/DCMCP.esp_m ... done.
     * editing path : trunk/emulator/B5500Processor.js ... done.
     * editing path : trunk/webUI/tools/B5500SyllableDebugger.html ... done.

------- Committed revision 283 >>>

<<< Started new transaction, based on original revision 284
     * editing path : trunk/emulator/B5500Processor.js ... done.
     * editing path : trunk/webUI/tools/B5500SyllableDebugger.css ... done.
     * editing path : trunk/webUI/tools/B5500SyllableDebugger.html ... done.
     * adding path : trunk/webUI/tools/tests/CHARMODE.cod ...COPIED... done.
     * editing path : trunk/webUI/tools/tests/CHARMODE.esp_m ... done.
     * deleting path : trunk/webUI/tools/tests/CHARMODE ... done.

------- Committed revision 284 >>>

<<< Started new transaction, based on original revision 285
     * editing path : trunk/SYMBOL/DCMCP.esp_m ... done.

------- Committed revision 285 >>>

<<< Started new transaction, based on original revision 286
     * editing path : trunk/SYMBOL/DCMCP.esp_m ... done.

------- Committed revision 286 >>>

<<< Started new transaction, based on original revision 287
     * editing path : trunk/SYMBOL/DCMCP.esp_m ... done.

------- Committed revision 287 >>>

<<< Started new transaction, based on original revision 288
     * editing path : trunk/SYMBOL/DCMCP.esp_m ... done.

------- Committed revision 288 >>>

<<< Started new transaction, based on original revision 289
     * editing path : trunk/SYMBOL/DCMCP.esp_m ... done.
     * editing path : trunk/emulator/B5500Processor.js ... done.
     * editing path : trunk/webUI/tools/B5500SyllableDebugger.html ... done.

------- Committed revision 289 >>>

<<< Started new transaction, based on original revision 290
     * editing path : trunk/SYMBOL/DCMCP.esp_m ... done.

------- Committed revision 290 >>>

<<< Started new transaction, based on original revision 291
     * editing path : trunk/SYMBOL/DCMCP.esp_m ... done.

------- Committed revision 291 >>>

<<< Started new transaction, based on original revision 292
     * editing path : trunk/SYMBOL/DCMCP.esp_m ... done.

------- Committed revision 292 >>>

<<< Started new transaction, based on original revision 293
     * editing path : trunk/emulator/B5500Processor.js ... done.
     * editing path : trunk/webUI/tools/B5500SyllableDebugger.css ... done.
     * editing path : trunk/webUI/tools/B5500SyllableDebugger.html ... done.
     * editing path : trunk/webUI/tools/tests/CHARMODE.esp_m ... done.

------- Committed revision 293 >>>

<<< Started new transaction, based on original revision 294
     * editing path : trunk/emulator/B5500Processor.js ... done.
     * editing path : trunk/webUI/tools/B5500SyllableDebugger.html ... done.

------- Committed revision 294 >>>

<<< Started new transaction, based on original revision 295
     * editing path : trunk/SYMBOL/DCMCP.esp_m ... done.

------- Committed revision 295 >>>

<<< Started new transaction, based on original revision 296
     * editing path : trunk/SYMBOL/DCMCP.esp_m ... done.

------- Committed revision 296 >>>

<<< Started new transaction, based on original revision 297
     * editing path : trunk/SYMBOL/DCMCP.esp_m ... done.

------- Committed revision 297 >>>

<<< Started new transaction, based on original revision 298
     * editing path : trunk/SYMBOL/DCMCP.esp_m ... done.

------- Committed revision 298 >>>

<<< Started new transaction, based on original revision 299
     * editing path : trunk/SYMBOL/KERNEL.esp_m ... done.

------- Committed revision 299 >>>

<<< Started new transaction, based on original revision 300
     * editing path : trunk/SYMBOL/COOL.esp_m ... done.

------- Committed revision 300 >>>

<<< Started new transaction, based on original revision 301
     * editing path : trunk/emulator/B5500Processor.js ... done.
     * editing path : trunk/webUI/B5500DiskUnit.js ... done.
     * editing path : trunk/webUI/tools/B5500SyllableDebugger.html ... done.

------- Committed revision 301 >>>

<<< Started new transaction, based on original revision 302
     * editing path : trunk/SYMBOL/DCMCP.esp_m ... done.
     * editing path : trunk/emulator/B5500IOUnit.js ... done.
     * editing path : trunk/tools/B5500ColdLoader.html ... done.

------- Committed revision 302 >>>

<<< Started new transaction, based on original revision 303
     * editing path : trunk/SYMBOL/DCMCP.esp_m ... done.

------- Committed revision 303 >>>

<<< Started new transaction, based on original revision 304
     * editing path : trunk/SYMBOL/DCMCP.esp_m ... done.

------- Committed revision 304 >>>

<<< Started new transaction, based on original revision 305
     * editing path : trunk/SYMBOL/DCMCP.esp_m ... done.

------- Committed revision 305 >>>

<<< Started new transaction, based on original revision 306
     * editing path : trunk/SYMBOL/DCMCP.esp_m ... done.
     * editing path : trunk/emulator/B5500IOUnit.js ... done.
     * editing path : trunk/emulator/B5500Processor.js ... done.
     * editing path : trunk/tools/B5500ColdLoader.html ... done.
     * editing path : trunk/webUI/B5500DiskUnit.js ... done.
     * editing path : trunk/webUI/tools/B5500SyllableDebugger.html ... done.

------- Committed revision 306 >>>

<<< Started new transaction, based on original revision 307
     * editing path : trunk/emulator/B5500Processor.js ... done.
     * editing path : trunk/webUI/tools/B5500SyllableDebugger.css ... done.
     * editing path : trunk/webUI/tools/B5500SyllableDebugger.html ... done.

------- Committed revision 307 >>>

<<< Started new transaction, based on original revision 308
     * editing path : trunk/SYMBOL/DCMCP.esp_m ... done.

------- Committed revision 308 >>>

<<< Started new transaction, based on original revision 309
     * editing path : trunk/SYMBOL/DCMCP.esp_m ... done.

------- Committed revision 309 >>>

