Revision: 1        from r1        retro.dump
Revision: 2        from r2        retro.dump
Revision: 3        from r3        retro.dump
Revision: 4        from r4        retro.dump
Revision: 5        from r5        retro.dump
Revision: 6        from r6        retro.dump
Revision: 7        from r7        retro.dump
Revision: 8        from r8        retro.dump
Revision: 9        from r9        retro.dump
Revision: 10       from r10       retro.dump
Revision: 11       from r11       retro.dump
Revision: 12       from r12       retro.dump
Revision: 13       from r13       retro.dump
Revision: 14       from r14       retro.dump
Revision: 15       from r15       retro.dump
Revision: 16       from r16       retro.dump
Revision: 17       from r17       retro.dump
Revision: 18       from r1        wip-filtered.dump
Revision: 19       from r2        wip-filtered.dump
Revision: 20       from r3        wip-filtered.dump
Revision: 21       from r4        wip-filtered.dump
Revision: 22       from r5        wip-filtered.dump
Revision: 23       from r18       retro.dump
Revision: 24       from r6        wip-filtered.dump
Revision: 25       from r7        wip-filtered.dump
Revision: 26       from r8        wip-filtered.dump
Revision: 27       from r9        wip-filtered.dump
Revision: 28       from r10       wip-filtered.dump
Revision: 29       from r11       wip-filtered.dump
Revision: 30       from r12       wip-filtered.dump
Revision: 31       from r13       wip-filtered.dump
Revision: 32       from r14       wip-filtered.dump
Revision: 33       from r15       wip-filtered.dump
Revision: 34       from r16       wip-filtered.dump
Revision: 35       from r17       wip-filtered.dump
Revision: 36       from r18       wip-filtered.dump
Revision: 37       from r19       wip-filtered.dump
Revision: 38       from r20       wip-filtered.dump
Revision: 39       from r21       wip-filtered.dump
Revision: 40       from r22       wip-filtered.dump
Revision: 41       from r23       wip-filtered.dump
Revision: 42       from r24       wip-filtered.dump
Revision: 43       from r25       wip-filtered.dump
Revision: 44       from r26       wip-filtered.dump
Revision: 45       from r27       wip-filtered.dump
Revision: 46       from r28       wip-filtered.dump
Revision: 47       from r29       wip-filtered.dump
Revision: 48       from r30       wip-filtered.dump
Revision: 49       from r31       wip-filtered.dump
Revision: 50       from r32       wip-filtered.dump
Revision: 51       from r33       wip-filtered.dump
Revision: 52       from r34       wip-filtered.dump
Revision: 53       from r35       wip-filtered.dump
Revision: 54       from r36       wip-filtered.dump
Revision: 55       from r37       wip-filtered.dump
Revision: 56       from r38       wip-filtered.dump
Revision: 57       from r19       retro.dump
Revision: 58       from r39       wip-filtered.dump
Revision: 59       from r40       wip-filtered.dump
Revision: 60       from r41       wip-filtered.dump
Revision: 61       from r42       wip-filtered.dump
Revision: 62       from r43       wip-filtered.dump
Revision: 63       from r44       wip-filtered.dump
Revision: 64       from r45       wip-filtered.dump
Revision: 65       from r46       wip-filtered.dump
Revision: 66       from r47       wip-filtered.dump
Revision: 67       from r20       retro.dump
Revision: 68       from r21       retro.dump
Revision: 69       from r48       wip-filtered.dump
Revision: 70       from r49       wip-filtered.dump
Revision: 71       from r50       wip-filtered.dump
Revision: 72       from r51       wip-filtered.dump
Revision: 73       from r52       wip-filtered.dump
Revision: 74       from r53       wip-filtered.dump
Revision: 75       from r54       wip-filtered.dump
Revision: 76       from r55       wip-filtered.dump
Revision: 77       from r56       wip-filtered.dump
Revision: 78       from r57       wip-filtered.dump
Revision: 79       from r22       retro.dump
Revision: 80       from r58       wip-filtered.dump
Revision: 81       from r59       wip-filtered.dump
Revision: 82       from r60       wip-filtered.dump
Revision: 83       from r61       wip-filtered.dump
Revision: 84       from r62       wip-filtered.dump
Revision: 85       from r63       wip-filtered.dump
Revision: 86       from r64       wip-filtered.dump
Revision: 87       from r65       wip-filtered.dump
Revision: 88       from r66       wip-filtered.dump
Revision: 89       from r67       wip-filtered.dump
Revision: 90       from r68       wip-filtered.dump
Revision: 91       from r69       wip-filtered.dump
Revision: 92       from r70       wip-filtered.dump
Revision: 93       from r71       wip-filtered.dump
Revision: 94       from r72       wip-filtered.dump
Revision: 95       from r73       wip-filtered.dump
Revision: 96       from r74       wip-filtered.dump
Revision: 97       from r75       wip-filtered.dump
Revision: 98       from r76       wip-filtered.dump
Revision: 99       from r77       wip-filtered.dump
Revision: 100      from r78       wip-filtered.dump
Revision: 101      from r79       wip-filtered.dump
Revision: 102      from r23       retro.dump
Revision: 103      from r80       wip-filtered.dump
Revision: 104      from r24       retro.dump
Revision: 105      from r25       retro.dump
Revision: 106      from r81       wip-filtered.dump
Revision: 107      from r26       retro.dump
Revision: 108      from r82       wip-filtered.dump
Revision: 109      from r83       wip-filtered.dump
Revision: 110      from r84       wip-filtered.dump
Revision: 111      from r85       wip-filtered.dump
Revision: 112      from r86       wip-filtered.dump
Revision: 113      from r87       wip-filtered.dump
Revision: 114      from r88       wip-filtered.dump
Revision: 115      from r89       wip-filtered.dump
Revision: 116      from r27       retro.dump
Revision: 117      from r90       wip-filtered.dump
Revision: 118      from r91       wip-filtered.dump
Revision: 119      from r92       wip-filtered.dump
Revision: 120      from r93       wip-filtered.dump
Revision: 121      from r28       retro.dump
Revision: 122      from r94       wip-filtered.dump
Revision: 123      from r29       retro.dump
Revision: 124      from r30       retro.dump
Revision: 125      from r31       retro.dump
Revision: 126      from r32       retro.dump
Revision: 127      from r95       wip-filtered.dump
Revision: 128      from r96       wip-filtered.dump
Revision: 129      from r97       wip-filtered.dump
Revision: 130      from r98       wip-filtered.dump
Revision: 131      from r33       retro.dump
Revision: 132      from r34       retro.dump
Revision: 133      from r99       wip-filtered.dump
Revision: 134      from r100      wip-filtered.dump
Revision: 135      from r101      wip-filtered.dump
Revision: 136      from r102      wip-filtered.dump
Revision: 137      from r103      wip-filtered.dump
Revision: 138      from r104      wip-filtered.dump
Revision: 139      from r105      wip-filtered.dump
Revision: 140      from r106      wip-filtered.dump
Revision: 141      from r107      wip-filtered.dump
Revision: 142      from r108      wip-filtered.dump
Revision: 143      from r109      wip-filtered.dump
Revision: 144      from r110      wip-filtered.dump
Revision: 145      from r111      wip-filtered.dump
Revision: 146      from r112      wip-filtered.dump
Revision: 147      from r113      wip-filtered.dump
Revision: 148      from r114      wip-filtered.dump
Revision: 149      from r115      wip-filtered.dump
Revision: 150      from r116      wip-filtered.dump
Revision: 151      from r117      wip-filtered.dump
Revision: 152      from r118      wip-filtered.dump
Revision: 153      from r119      wip-filtered.dump
Revision: 154      from r120      wip-filtered.dump
Revision: 155      from r121      wip-filtered.dump
Revision: 156      from r122      wip-filtered.dump
Revision: 157      from r123      wip-filtered.dump
Revision: 158      from r124      wip-filtered.dump
Revision: 159      from r125      wip-filtered.dump
Revision: 160      from r35       retro.dump
Revision: 161      from r126      wip-filtered.dump
Revision: 162      from r127      wip-filtered.dump
Revision: 163      from r128      wip-filtered.dump
Revision: 164      from r129      wip-filtered.dump
Revision: 165      from r130      wip-filtered.dump
Revision: 166      from r131      wip-filtered.dump
Revision: 167      from r36       retro.dump
Revision: 168      from r37       retro.dump
Revision: 169      from r132      wip-filtered.dump
Revision: 170      from r133      wip-filtered.dump
Revision: 171      from r38       retro.dump
Revision: 172      from r134      wip-filtered.dump
Revision: 173      from r135      wip-filtered.dump
Revision: 174      from r136      wip-filtered.dump
Revision: 175      from r137      wip-filtered.dump
Revision: 176      from r138      wip-filtered.dump
Revision: 177      from r39       retro.dump
Revision: 178      from r139      wip-filtered.dump
Revision: 179      from r140      wip-filtered.dump
Revision: 180      from r40       retro.dump
Revision: 181      from r141      wip-filtered.dump
Revision: 182      from r142      wip-filtered.dump
Revision: 183      from r143      wip-filtered.dump
Revision: 184      from r144      wip-filtered.dump
Revision: 185      from r145      wip-filtered.dump
Revision: 186      from r146      wip-filtered.dump
Revision: 187      from r147      wip-filtered.dump
Revision: 188      from r148      wip-filtered.dump
Revision: 189      from r149      wip-filtered.dump
Revision: 190      from r150      wip-filtered.dump
Revision: 191      from r151      wip-filtered.dump
Revision: 192      from r152      wip-filtered.dump
Revision: 193      from r153      wip-filtered.dump
Revision: 194      from r154      wip-filtered.dump
Revision: 195      from r41       retro.dump
Revision: 196      from r155      wip-filtered.dump
Revision: 197      from r156      wip-filtered.dump
Revision: 198      from r157      wip-filtered.dump
Revision: 199      from r158      wip-filtered.dump
Revision: 200      from r159      wip-filtered.dump
Revision: 201      from r160      wip-filtered.dump
Revision: 202      from r42       retro.dump
Revision: 203      from r161      wip-filtered.dump
Revision: 204      from r162      wip-filtered.dump
Revision: 205      from r163      wip-filtered.dump
Revision: 206      from r164      wip-filtered.dump
Revision: 207      from r165      wip-filtered.dump
Revision: 208      from r166      wip-filtered.dump
Revision: 209      from r167      wip-filtered.dump
Revision: 210      from r168      wip-filtered.dump
Revision: 211      from r169      wip-filtered.dump
Revision: 212      from r170      wip-filtered.dump
Revision: 213      from r171      wip-filtered.dump
Revision: 214      from r172      wip-filtered.dump
Revision: 215      from r173      wip-filtered.dump
Revision: 216      from r174      wip-filtered.dump
Revision: 217      from r175      wip-filtered.dump
Revision: 218      from r176      wip-filtered.dump
Revision: 219      from r177      wip-filtered.dump
Revision: 220      from r178      wip-filtered.dump
Revision: 221      from r179      wip-filtered.dump
Revision: 222      from r180      wip-filtered.dump
Revision: 223      from r181      wip-filtered.dump
Revision: 224      from r182      wip-filtered.dump
Revision: 225      from r183      wip-filtered.dump
Revision: 226      from r184      wip-filtered.dump
Revision: 227      from r185      wip-filtered.dump
Revision: 228      from r186      wip-filtered.dump
Revision: 229      from r187      wip-filtered.dump
Revision: 230      from r188      wip-filtered.dump
Revision: 231      from r189      wip-filtered.dump
Revision: 232      from r190      wip-filtered.dump
Revision: 233      from r191      wip-filtered.dump
Revision: 234      from r192      wip-filtered.dump
Revision: 235      from r43       retro.dump
Revision: 236      from r193      wip-filtered.dump
Revision: 237      from r194      wip-filtered.dump
Revision: 238      from r195      wip-filtered.dump
Revision: 239      from r196      wip-filtered.dump
Revision: 240      from r197      wip-filtered.dump
Revision: 241      from r198      wip-filtered.dump
Revision: 242      from r199      wip-filtered.dump
Revision: 243      from r200      wip-filtered.dump
Revision: 244      from r44       retro.dump
Revision: 245      from r201      wip-filtered.dump
Revision: 246      from r202      wip-filtered.dump
Revision: 247      from r203      wip-filtered.dump
Revision: 248      from r204      wip-filtered.dump
Revision: 249      from r205      wip-filtered.dump
Revision: 250      from r206      wip-filtered.dump
Revision: 251      from r207      wip-filtered.dump
Revision: 252      from r208      wip-filtered.dump
Revision: 253      from r209      wip-filtered.dump
Revision: 254      from r210      wip-filtered.dump
Revision: 255      from r211      wip-filtered.dump
Revision: 256      from r212      wip-filtered.dump
Revision: 257      from r213      wip-filtered.dump
Revision: 258      from r214      wip-filtered.dump
Revision: 259      from r215      wip-filtered.dump
Revision: 260      from r216      wip-filtered.dump
Revision: 261      from r217      wip-filtered.dump
Revision: 262      from r218      wip-filtered.dump
Revision: 263      from r219      wip-filtered.dump
Revision: 264      from r220      wip-filtered.dump
Revision: 265      from r221      wip-filtered.dump
Revision: 266      from r222      wip-filtered.dump
Revision: 267      from r223      wip-filtered.dump
Revision: 268      from r224      wip-filtered.dump
Revision: 269      from r225      wip-filtered.dump
Revision: 270      from r226      wip-filtered.dump
Revision: 271      from r227      wip-filtered.dump
Revision: 272      from r228      wip-filtered.dump
Revision: 273      from r229      wip-filtered.dump
Revision: 274      from r230      wip-filtered.dump
Revision: 275      from r231      wip-filtered.dump
Revision: 276      from r232      wip-filtered.dump
Revision: 277      from r233      wip-filtered.dump
Revision: 278      from r45       retro.dump
Revision: 279      from r234      wip-filtered.dump
Revision: 280      from r235      wip-filtered.dump
Revision: 281      from r236      wip-filtered.dump
Revision: 282      from r237      wip-filtered.dump
Revision: 283      from r238      wip-filtered.dump
Revision: 284      from r239      wip-filtered.dump
Revision: 285      from r240      wip-filtered.dump
Revision: 286      from r241      wip-filtered.dump
Revision: 287      from r242      wip-filtered.dump
Revision: 288      from r243      wip-filtered.dump
Revision: 289      from r244      wip-filtered.dump
Revision: 290      from r245      wip-filtered.dump
Revision: 291      from r246      wip-filtered.dump
Revision: 292      from r247      wip-filtered.dump
Revision: 293      from r248      wip-filtered.dump
Revision: 294      from r249      wip-filtered.dump
Revision: 295      from r250      wip-filtered.dump
Revision: 296      from r251      wip-filtered.dump
Revision: 297      from r252      wip-filtered.dump
Revision: 298      from r253      wip-filtered.dump
Revision: 299      from r46       retro.dump
Revision: 300      from r47       retro.dump
Revision: 301      from r254      wip-filtered.dump
Revision: 302      from r255      wip-filtered.dump
Revision: 303      from r256      wip-filtered.dump
Revision: 304      from r257      wip-filtered.dump
Revision: 305      from r258      wip-filtered.dump
Revision: 306      from r259      wip-filtered.dump
Revision: 307      from r260      wip-filtered.dump
Revision: 308      from r261      wip-filtered.dump
Revision: 309      from r262      wip-filtered.dump
created 309 revisions
