Committed revision 1.
Copied properties for revision 1.
Transmitting file data .
Committed revision 2.
Copied properties for revision 2.
Transmitting file data .
Committed revision 3.
Copied properties for revision 3.
Transmitting file data .
Committed revision 4.
Copied properties for revision 4.
Transmitting file data .
Committed revision 5.
Copied properties for revision 5.
Transmitting file data .
Committed revision 6.
Copied properties for revision 6.
Transmitting file data .
Committed revision 7.
Copied properties for revision 7.
Transmitting file data ..
Committed revision 8.
Copied properties for revision 8.
Transmitting file data ..
Committed revision 9.
Copied properties for revision 9.
Transmitting file data ..
Committed revision 10.
Copied properties for revision 10.
Transmitting file data ..
Committed revision 11.
Copied properties for revision 11.
Transmitting file data .
Committed revision 12.
Copied properties for revision 12.
Transmitting file data ..
Committed revision 13.
Copied properties for revision 13.
Transmitting file data .
Committed revision 14.
Copied properties for revision 14.
Transmitting file data .
Committed revision 15.
Copied properties for revision 15.
Transmitting file data .
Committed revision 16.
Copied properties for revision 16.
Transmitting file data ......
Committed revision 17.
Copied properties for revision 17.
Transmitting file data .
Committed revision 18.
Copied properties for revision 18.
Transmitting file data .
Committed revision 19.
Copied properties for revision 19.
Transmitting file data .....
Committed revision 20.
Copied properties for revision 20.
Transmitting file data .
Committed revision 21.
Copied properties for revision 21.
Transmitting file data .
Committed revision 22.
Copied properties for revision 22.
Transmitting file data ......
Committed revision 23.
Copied properties for revision 23.
Transmitting file data .
Committed revision 24.
Copied properties for revision 24.
Transmitting file data .
Committed revision 25.
Copied properties for revision 25.
Transmitting file data .
Committed revision 26.
Copied properties for revision 26.
Transmitting file data .
Committed revision 27.
Copied properties for revision 27.
Transmitting file data .
Committed revision 28.
Copied properties for revision 28.
Transmitting file data .
Committed revision 29.
Copied properties for revision 29.
Transmitting file data .
Committed revision 30.
Copied properties for revision 30.
Transmitting file data .
Committed revision 31.
Copied properties for revision 31.
Transmitting file data .
Committed revision 32.
Copied properties for revision 32.
Transmitting file data .
Committed revision 33.
Copied properties for revision 33.
Transmitting file data .
Committed revision 34.
Copied properties for revision 34.
Transmitting file data ....
Committed revision 35.
Copied properties for revision 35.
Transmitting file data .
Committed revision 36.
Copied properties for revision 36.
Transmitting file data ..
Committed revision 37.
Copied properties for revision 37.
Transmitting file data .
Committed revision 38.
Copied properties for revision 38.
Transmitting file data .
Committed revision 39.
Copied properties for revision 39.
Transmitting file data .
Committed revision 40.
Copied properties for revision 40.
Transmitting file data ..
Committed revision 41.
Copied properties for revision 41.
Transmitting file data ...
Committed revision 42.
Copied properties for revision 42.
Transmitting file data ...
Committed revision 43.
Copied properties for revision 43.
Transmitting file data ..
Committed revision 44.
Copied properties for revision 44.
Transmitting file data .
Committed revision 45.
Copied properties for revision 45.
Transmitting file data ..
Committed revision 46.
Copied properties for revision 46.
Transmitting file data ..
Committed revision 47.
Copied properties for revision 47.
Transmitting file data ........
Committed revision 48.
Copied properties for revision 48.
Transmitting file data ......
Committed revision 49.
Copied properties for revision 49.
Transmitting file data ....
Committed revision 50.
Copied properties for revision 50.
Transmitting file data ......
Committed revision 51.
Copied properties for revision 51.
Transmitting file data ........
Committed revision 52.
Copied properties for revision 52.
Transmitting file data .......
Committed revision 53.
Copied properties for revision 53.
Transmitting file data ...
Committed revision 54.
Copied properties for revision 54.
Transmitting file data .
Committed revision 55.
Copied properties for revision 55.
Transmitting file data .
Committed revision 56.
Copied properties for revision 56.
Transmitting file data ..
Committed revision 57.
Copied properties for revision 57.
Transmitting file data ...
Committed revision 58.
Copied properties for revision 58.
Transmitting file data .
Committed revision 59.
Copied properties for revision 59.
Transmitting file data ....
Committed revision 60.
Copied properties for revision 60.
Transmitting file data .
Committed revision 61.
Copied properties for revision 61.
Transmitting file data .....
Committed revision 62.
Copied properties for revision 62.
Transmitting file data ...
Committed revision 63.
Copied properties for revision 63.
Transmitting file data .
Committed revision 64.
Copied properties for revision 64.
Transmitting file data ..
Committed revision 65.
Copied properties for revision 65.
Transmitting file data ..
Committed revision 66.
Copied properties for revision 66.
Transmitting file data .
Committed revision 67.
Copied properties for revision 67.
Transmitting file data .
Committed revision 68.
Copied properties for revision 68.
Transmitting file data .
Committed revision 69.
Copied properties for revision 69.
Transmitting file data .
Committed revision 70.
Copied properties for revision 70.
Transmitting file data ...
Committed revision 71.
Copied properties for revision 71.
Transmitting file data .
Committed revision 72.
Copied properties for revision 72.
Transmitting file data ...
Committed revision 73.
Copied properties for revision 73.
Transmitting file data .
Committed revision 74.
Copied properties for revision 74.
Transmitting file data .
Committed revision 75.
Copied properties for revision 75.
Transmitting file data ..
Committed revision 76.
Copied properties for revision 76.
Transmitting file data .
Committed revision 77.
Copied properties for revision 77.
Transmitting file data .
Committed revision 78.
Copied properties for revision 78.
Transmitting file data .
Committed revision 79.
Copied properties for revision 79.
Transmitting file data ...
Committed revision 80.
Copied properties for revision 80.
Committed revision 81.
Copied properties for revision 81.
Transmitting file data ....
Committed revision 82.
Copied properties for revision 82.
Transmitting file data .
Committed revision 83.
Copied properties for revision 83.
Transmitting file data .
Committed revision 84.
Copied properties for revision 84.
Transmitting file data .
Committed revision 85.
Copied properties for revision 85.
Transmitting file data .
Committed revision 86.
Copied properties for revision 86.
Transmitting file data .
Committed revision 87.
Copied properties for revision 87.
Transmitting file data .
Committed revision 88.
Copied properties for revision 88.
Transmitting file data .
Committed revision 89.
Copied properties for revision 89.
Transmitting file data .
Committed revision 90.
Copied properties for revision 90.
Transmitting file data .
Committed revision 91.
Copied properties for revision 91.
Transmitting file data .
Committed revision 92.
Copied properties for revision 92.
Transmitting file data .
Committed revision 93.
Copied properties for revision 93.
Transmitting file data .
Committed revision 94.
Copied properties for revision 94.
Transmitting file data .
Committed revision 95.
Copied properties for revision 95.
Transmitting file data .
Committed revision 96.
Copied properties for revision 96.
Transmitting file data .
Committed revision 97.
Copied properties for revision 97.
Transmitting file data .
Committed revision 98.
Copied properties for revision 98.
Transmitting file data .
Committed revision 99.
Copied properties for revision 99.
Transmitting file data .
Committed revision 100.
Copied properties for revision 100.
Transmitting file data .
Committed revision 101.
Copied properties for revision 101.
Transmitting file data .....
Committed revision 102.
Copied properties for revision 102.
Transmitting file data .
Committed revision 103.
Copied properties for revision 103.
Transmitting file data .
Committed revision 104.
Copied properties for revision 104.
Transmitting file data .
Committed revision 105.
Copied properties for revision 105.
Transmitting file data .
Committed revision 106.
Copied properties for revision 106.
Transmitting file data ...
Committed revision 107.
Copied properties for revision 107.
Transmitting file data .
Committed revision 108.
Copied properties for revision 108.
Transmitting file data .
Committed revision 109.
Copied properties for revision 109.
Transmitting file data .
Committed revision 110.
Copied properties for revision 110.
Transmitting file data .
Committed revision 111.
Copied properties for revision 111.
Transmitting file data .
Committed revision 112.
Copied properties for revision 112.
Transmitting file data .
Committed revision 113.
Copied properties for revision 113.
Transmitting file data .
Committed revision 114.
Copied properties for revision 114.
Transmitting file data .
Committed revision 115.
Copied properties for revision 115.
Transmitting file data ..
Committed revision 116.
Copied properties for revision 116.
Transmitting file data .
Committed revision 117.
Copied properties for revision 117.
Transmitting file data .
Committed revision 118.
Copied properties for revision 118.
Transmitting file data .
Committed revision 119.
Copied properties for revision 119.
Transmitting file data .
Committed revision 120.
Copied properties for revision 120.
Transmitting file data ....
Committed revision 121.
Copied properties for revision 121.
Transmitting file data .
Committed revision 122.
Copied properties for revision 122.
Transmitting file data .
Committed revision 123.
Copied properties for revision 123.
Transmitting file data .
Committed revision 124.
Copied properties for revision 124.
Transmitting file data .
Committed revision 125.
Copied properties for revision 125.
Transmitting file data .
Committed revision 126.
Copied properties for revision 126.
Transmitting file data .
Committed revision 127.
Copied properties for revision 127.
Transmitting file data .
Committed revision 128.
Copied properties for revision 128.
Transmitting file data .
Committed revision 129.
Copied properties for revision 129.
Transmitting file data .
Committed revision 130.
Copied properties for revision 130.
Transmitting file data ....
Committed revision 131.
Copied properties for revision 131.
Transmitting file data ...
Committed revision 132.
Copied properties for revision 132.
Transmitting file data .
Committed revision 133.
Copied properties for revision 133.
Transmitting file data .
Committed revision 134.
Copied properties for revision 134.
Transmitting file data .
Committed revision 135.
Copied properties for revision 135.
Transmitting file data .
Committed revision 136.
Copied properties for revision 136.
Transmitting file data .
Committed revision 137.
Copied properties for revision 137.
Transmitting file data .
Committed revision 138.
Copied properties for revision 138.
Transmitting file data .
Committed revision 139.
Copied properties for revision 139.
Transmitting file data .
Committed revision 140.
Copied properties for revision 140.
Transmitting file data .
Committed revision 141.
Copied properties for revision 141.
Transmitting file data .
Committed revision 142.
Copied properties for revision 142.
Transmitting file data .
Committed revision 143.
Copied properties for revision 143.
Transmitting file data .
Committed revision 144.
Copied properties for revision 144.
Transmitting file data .
Committed revision 145.
Copied properties for revision 145.
Transmitting file data .
Committed revision 146.
Copied properties for revision 146.
Transmitting file data .
Committed revision 147.
Copied properties for revision 147.
Transmitting file data ...
Committed revision 148.
Copied properties for revision 148.
Transmitting file data ..
Committed revision 149.
Copied properties for revision 149.
Transmitting file data .
Committed revision 150.
Copied properties for revision 150.
Transmitting file data .
Committed revision 151.
Copied properties for revision 151.
Transmitting file data .
Committed revision 152.
Copied properties for revision 152.
Transmitting file data .
Committed revision 153.
Copied properties for revision 153.
Transmitting file data .
Committed revision 154.
Copied properties for revision 154.
Transmitting file data .
Committed revision 155.
Copied properties for revision 155.
Transmitting file data .
Committed revision 156.
Copied properties for revision 156.
Transmitting file data .
Committed revision 157.
Copied properties for revision 157.
Transmitting file data .
Committed revision 158.
Copied properties for revision 158.
Transmitting file data .
Committed revision 159.
Copied properties for revision 159.
Transmitting file data ...
Committed revision 160.
Copied properties for revision 160.
Transmitting file data .
Committed revision 161.
Copied properties for revision 161.
Transmitting file data .
Committed revision 162.
Copied properties for revision 162.
Transmitting file data .....
Committed revision 163.
Copied properties for revision 163.
Transmitting file data ..
Committed revision 164.
Copied properties for revision 164.
Transmitting file data .
Committed revision 165.
Copied properties for revision 165.
Transmitting file data .
Committed revision 166.
Copied properties for revision 166.
Transmitting file data .
Committed revision 167.
Copied properties for revision 167.
Transmitting file data .
Committed revision 168.
Copied properties for revision 168.
Transmitting file data .
Committed revision 169.
Copied properties for revision 169.
Transmitting file data .
Committed revision 170.
Copied properties for revision 170.
Committed revision 171.
Copied properties for revision 171.
Transmitting file data ....
Committed revision 172.
Copied properties for revision 172.
Transmitting file data .
Committed revision 173.
Copied properties for revision 173.
Transmitting file data .
Committed revision 174.
Copied properties for revision 174.
Transmitting file data .
Committed revision 175.
Copied properties for revision 175.
Transmitting file data .
Committed revision 176.
Copied properties for revision 176.
Transmitting file data ..
Committed revision 177.
Copied properties for revision 177.
Transmitting file data .
Committed revision 178.
Copied properties for revision 178.
Transmitting file data .
Committed revision 179.
Copied properties for revision 179.
Transmitting file data ..
Committed revision 180.
Copied properties for revision 180.
Transmitting file data .
Committed revision 181.
Copied properties for revision 181.
Transmitting file data ...
Committed revision 182.
Copied properties for revision 182.
Transmitting file data ...
Committed revision 183.
Copied properties for revision 183.
Transmitting file data .
Committed revision 184.
Copied properties for revision 184.
Transmitting file data .
Committed revision 185.
Copied properties for revision 185.
Transmitting file data ..
Committed revision 186.
Copied properties for revision 186.
Transmitting file data .
Committed revision 187.
Copied properties for revision 187.
Transmitting file data .
Committed revision 188.
Copied properties for revision 188.
Transmitting file data ..
Committed revision 189.
Copied properties for revision 189.
Transmitting file data .
Committed revision 190.
Copied properties for revision 190.
Transmitting file data ..
Committed revision 191.
Copied properties for revision 191.
Transmitting file data .
Committed revision 192.
Copied properties for revision 192.
Transmitting file data .
Committed revision 193.
Copied properties for revision 193.
Transmitting file data .
Committed revision 194.
Copied properties for revision 194.
Transmitting file data .
Committed revision 195.
Copied properties for revision 195.
Transmitting file data .
Committed revision 196.
Copied properties for revision 196.
Transmitting file data ..
Committed revision 197.
Copied properties for revision 197.
Transmitting file data .
Committed revision 198.
Copied properties for revision 198.
Transmitting file data .
Committed revision 199.
Copied properties for revision 199.
Transmitting file data .
Committed revision 200.
Copied properties for revision 200.
Transmitting file data .
Committed revision 201.
Copied properties for revision 201.
Transmitting file data .
Committed revision 202.
Copied properties for revision 202.
Transmitting file data .
Committed revision 203.
Copied properties for revision 203.
Transmitting file data ..
Committed revision 204.
Copied properties for revision 204.
Transmitting file data .......
Committed revision 205.
Copied properties for revision 205.
Transmitting file data .
Committed revision 206.
Copied properties for revision 206.
Transmitting file data .
Committed revision 207.
Copied properties for revision 207.
Transmitting file data ...
Committed revision 208.
Copied properties for revision 208.
Transmitting file data ..
Committed revision 209.
Copied properties for revision 209.
Transmitting file data .
Committed revision 210.
Copied properties for revision 210.
Transmitting file data .
Committed revision 211.
Copied properties for revision 211.
Transmitting file data ..
Committed revision 212.
Copied properties for revision 212.
Transmitting file data ..
Committed revision 213.
Copied properties for revision 213.
Transmitting file data .
Committed revision 214.
Copied properties for revision 214.
Transmitting file data ...
Committed revision 215.
Copied properties for revision 215.
Transmitting file data .
Committed revision 216.
Copied properties for revision 216.
Transmitting file data ..
Committed revision 217.
Copied properties for revision 217.
Transmitting file data ..
Committed revision 218.
Copied properties for revision 218.
Transmitting file data ...
Committed revision 219.
Copied properties for revision 219.
Transmitting file data .
Committed revision 220.
Copied properties for revision 220.
Transmitting file data .
Committed revision 221.
Copied properties for revision 221.
Transmitting file data .
Committed revision 222.
Copied properties for revision 222.
Transmitting file data .
Committed revision 223.
Copied properties for revision 223.
Transmitting file data .
Committed revision 224.
Copied properties for revision 224.
Transmitting file data .
Committed revision 225.
Copied properties for revision 225.
Transmitting file data ..
Committed revision 226.
Copied properties for revision 226.
Transmitting file data .
Committed revision 227.
Copied properties for revision 227.
Transmitting file data ........
Committed revision 228.
Copied properties for revision 228.
Transmitting file data ...
Committed revision 229.
Copied properties for revision 229.
Transmitting file data .
Committed revision 230.
Copied properties for revision 230.
Transmitting file data .
Committed revision 231.
Copied properties for revision 231.
Transmitting file data ..
Committed revision 232.
Copied properties for revision 232.
Transmitting file data ...
Committed revision 233.
Copied properties for revision 233.
Transmitting file data .
Committed revision 234.
Copied properties for revision 234.
Transmitting file data .
Committed revision 235.
Copied properties for revision 235.
Transmitting file data .....
Committed revision 236.
Copied properties for revision 236.
Transmitting file data ........
Committed revision 237.
Copied properties for revision 237.
Transmitting file data ...
Committed revision 238.
Copied properties for revision 238.
Transmitting file data ..
Committed revision 239.
Copied properties for revision 239.
Transmitting file data .
Committed revision 240.
Copied properties for revision 240.
Transmitting file data ..
Committed revision 241.
Copied properties for revision 241.
Transmitting file data ...
Committed revision 242.
Copied properties for revision 242.
Transmitting file data ...
Committed revision 243.
Copied properties for revision 243.
Transmitting file data .
Committed revision 244.
Copied properties for revision 244.
Transmitting file data .
Committed revision 245.
Copied properties for revision 245.
Transmitting file data .....
Committed revision 246.
Copied properties for revision 246.
Transmitting file data .........
Committed revision 247.
Copied properties for revision 247.
Transmitting file data ........
Committed revision 248.
Copied properties for revision 248.
Transmitting file data ..
Committed revision 249.
Copied properties for revision 249.
Transmitting file data .
Committed revision 250.
Copied properties for revision 250.
Transmitting file data ......
Committed revision 251.
Copied properties for revision 251.
Transmitting file data .
Committed revision 252.
Copied properties for revision 252.
Transmitting file data ...
Committed revision 253.
Copied properties for revision 253.
Transmitting file data ..
Committed revision 254.
Copied properties for revision 254.
Transmitting file data .
Committed revision 255.
Copied properties for revision 255.
Transmitting file data .
Committed revision 256.
Copied properties for revision 256.
Transmitting file data ..
Committed revision 257.
Copied properties for revision 257.
Transmitting file data ....
Committed revision 258.
Copied properties for revision 258.
Transmitting file data ..
Committed revision 259.
Copied properties for revision 259.
Transmitting file data .
Committed revision 260.
Copied properties for revision 260.
Transmitting file data .
Committed revision 261.
Copied properties for revision 261.
Transmitting file data .
Committed revision 262.
Copied properties for revision 262.
Transmitting file data .
Committed revision 263.
Copied properties for revision 263.
Transmitting file data ...
Committed revision 264.
Copied properties for revision 264.
Transmitting file data .
Committed revision 265.
Copied properties for revision 265.
Transmitting file data .
Committed revision 266.
Copied properties for revision 266.
Transmitting file data .
Committed revision 267.
Copied properties for revision 267.
Transmitting file data .
Committed revision 268.
Copied properties for revision 268.
Transmitting file data .
Committed revision 269.
Copied properties for revision 269.
Transmitting file data ...........
Committed revision 270.
Copied properties for revision 270.
Transmitting file data ...
Committed revision 271.
Copied properties for revision 271.
Transmitting file data .
Committed revision 272.
Copied properties for revision 272.
Transmitting file data .
Committed revision 273.
Copied properties for revision 273.
Transmitting file data ...
Committed revision 274.
Copied properties for revision 274.
Transmitting file data .
Committed revision 275.
Copied properties for revision 275.
Transmitting file data .....
Committed revision 276.
Copied properties for revision 276.
Transmitting file data ...
Committed revision 277.
Copied properties for revision 277.
Transmitting file data ...
Committed revision 278.
Copied properties for revision 278.
Transmitting file data .
Committed revision 279.
Copied properties for revision 279.
Transmitting file data .
Committed revision 280.
Copied properties for revision 280.
Transmitting file data .
Committed revision 281.
Copied properties for revision 281.
Transmitting file data .
Committed revision 282.
Copied properties for revision 282.
Transmitting file data ...
Committed revision 283.
Copied properties for revision 283.
Transmitting file data .....
Committed revision 284.
Copied properties for revision 284.
Transmitting file data .
Committed revision 285.
Copied properties for revision 285.
Transmitting file data .
Committed revision 286.
Copied properties for revision 286.
Transmitting file data .
Committed revision 287.
Copied properties for revision 287.
Transmitting file data .
Committed revision 288.
Copied properties for revision 288.
Transmitting file data ...
Committed revision 289.
Copied properties for revision 289.
Transmitting file data .
Committed revision 290.
Copied properties for revision 290.
Transmitting file data .
Committed revision 291.
Copied properties for revision 291.
Transmitting file data .
Committed revision 292.
Copied properties for revision 292.
Transmitting file data ....
Committed revision 293.
Copied properties for revision 293.
Transmitting file data ..
Committed revision 294.
Copied properties for revision 294.
Transmitting file data .
Committed revision 295.
Copied properties for revision 295.
Transmitting file data .
Committed revision 296.
Copied properties for revision 296.
Transmitting file data .
Committed revision 297.
Copied properties for revision 297.
Transmitting file data .
Committed revision 298.
Copied properties for revision 298.
Transmitting file data .
Committed revision 299.
Copied properties for revision 299.
Transmitting file data .
Committed revision 300.
Copied properties for revision 300.
Transmitting file data ...
Committed revision 301.
Copied properties for revision 301.
Transmitting file data ...
Committed revision 302.
Copied properties for revision 302.
Transmitting file data .
Committed revision 303.
Copied properties for revision 303.
Transmitting file data .
Committed revision 304.
Copied properties for revision 304.
Transmitting file data .
Committed revision 305.
Copied properties for revision 305.
Transmitting file data ......
Committed revision 306.
Copied properties for revision 306.
Transmitting file data ...
Committed revision 307.
Copied properties for revision 307.
Transmitting file data .
Committed revision 308.
Copied properties for revision 308.
Transmitting file data .
Committed revision 309.
Copied properties for revision 309.
